Started GET "/" for 127.0.0.1 at 2018-02-25 12:32:57 -0800
  
Mysql2::Error (Access denied for user 'root'@'localhost' (using password: NO)):
  
mysql2 (0.4.10) lib/mysql2/client.rb:89:in `connect'
mysql2 (0.4.10) lib/mysql2/client.rb:89:in `initialize'
activerecord (5.1.5) lib/active_record/connection_adapters/mysql2_adapter.rb:21:in `new'
activerecord (5.1.5) lib/active_record/connection_adapters/mysql2_adapter.rb:21:in `mysql2_connection'
activerecord (5.1.5) lib/active_record/connection_adapters/abstract/connection_pool.rb:759:in `new_connection'
activerecord (5.1.5) lib/active_record/connection_adapters/abstract/connection_pool.rb:803:in `checkout_new_connection'
activerecord (5.1.5) lib/active_record/connection_adapters/abstract/connection_pool.rb:782:in `try_to_checkout_new_connection'
activerecord (5.1.5) lib/active_record/connection_adapters/abstract/connection_pool.rb:743:in `acquire_connection'
activerecord (5.1.5) lib/active_record/connection_adapters/abstract/connection_pool.rb:500:in `checkout'
activerecord (5.1.5) lib/active_record/connection_adapters/abstract/connection_pool.rb:374:in `connection'
activerecord (5.1.5) lib/active_record/connection_adapters/abstract/connection_pool.rb:931:in `retrieve_connection'
activerecord (5.1.5) lib/active_record/connection_handling.rb:116:in `retrieve_connection'
activerecord (5.1.5) lib/active_record/connection_handling.rb:88:in `connection'
activerecord (5.1.5) lib/active_record/migration.rb:562:in `connection'
activerecord (5.1.5) lib/active_record/migration.rb:553:in `call'
actionpack (5.1.5) lib/action_dispatch/middleware/callbacks.rb:26:in `block in call'
activesupport (5.1.5) lib/active_support/callbacks.rb:97:in `run_callbacks'
actionpack (5.1.5) lib/action_dispatch/middleware/callbacks.rb:24:in `call'
actionpack (5.1.5) lib/action_dispatch/middleware/executor.rb:12:in `call'
actionpack (5.1.5) lib/action_dispatch/middleware/debug_exceptions.rb:59:in `call'
web-console (3.5.1) lib/web_console/middleware.rb:135:in `call_app'
web-console (3.5.1) lib/web_console/middleware.rb:28:in `block in call'
web-console (3.5.1) lib/web_console/middleware.rb:18:in `catch'
web-console (3.5.1) lib/web_console/middleware.rb:18:in `call'
actionpack (5.1.5) lib/action_dispatch/middleware/show_exceptions.rb:31:in `call'
railties (5.1.5) lib/rails/rack/logger.rb:36:in `call_app'
railties (5.1.5) lib/rails/rack/logger.rb:24:in `block in call'
activesupport (5.1.5) lib/active_support/tagged_logging.rb:69:in `block in tagged'
activesupport (5.1.5) lib/active_support/tagged_logging.rb:26:in `tagged'
activesupport (5.1.5) lib/active_support/tagged_logging.rb:69:in `tagged'
railties (5.1.5) lib/rails/rack/logger.rb:24:in `call'
sprockets-rails (3.2.1) lib/sprockets/rails/quiet_assets.rb:13:in `call'
actionpack (5.1.5) lib/action_dispatch/middleware/remote_ip.rb:79:in `call'
actionpack (5.1.5) lib/action_dispatch/middleware/request_id.rb:25:in `call'
rack (2.0.4) lib/rack/method_override.rb:22:in `call'
rack (2.0.4) lib/rack/runtime.rb:22:in `call'
activesupport (5.1.5) lib/active_support/cache/strategy/local_cache_middleware.rb:27:in `call'
actionpack (5.1.5) lib/action_dispatch/middleware/executor.rb:12:in `call'
actionpack (5.1.5) lib/action_dispatch/middleware/static.rb:125:in `call'
rack (2.0.4) lib/rack/sendfile.rb:111:in `call'
railties (5.1.5) lib/rails/engine.rb:522:in `call'
puma (3.11.2) lib/puma/configuration.rb:225:in `call'
puma (3.11.2) lib/puma/server.rb:624:in `handle_request'
puma (3.11.2) lib/puma/server.rb:438:in `process_client'
puma (3.11.2) lib/puma/server.rb:302:in `block in run'
puma (3.11.2) lib/puma/thread_pool.rb:120:in `block in spawn_thread'
Started GET "/" for 127.0.0.1 at 2018-02-25 12:34:35 -0800
  
Mysql2::Error (Access denied for user 'root'@'localhost' (using password: NO)):
  
mysql2 (0.4.10) lib/mysql2/client.rb:89:in `connect'
mysql2 (0.4.10) lib/mysql2/client.rb:89:in `initialize'
activerecord (5.1.5) lib/active_record/connection_adapters/mysql2_adapter.rb:21:in `new'
activerecord (5.1.5) lib/active_record/connection_adapters/mysql2_adapter.rb:21:in `mysql2_connection'
activerecord (5.1.5) lib/active_record/connection_adapters/abstract/connection_pool.rb:759:in `new_connection'
activerecord (5.1.5) lib/active_record/connection_adapters/abstract/connection_pool.rb:803:in `checkout_new_connection'
activerecord (5.1.5) lib/active_record/connection_adapters/abstract/connection_pool.rb:782:in `try_to_checkout_new_connection'
activerecord (5.1.5) lib/active_record/connection_adapters/abstract/connection_pool.rb:743:in `acquire_connection'
activerecord (5.1.5) lib/active_record/connection_adapters/abstract/connection_pool.rb:500:in `checkout'
activerecord (5.1.5) lib/active_record/connection_adapters/abstract/connection_pool.rb:374:in `connection'
activerecord (5.1.5) lib/active_record/connection_adapters/abstract/connection_pool.rb:931:in `retrieve_connection'
activerecord (5.1.5) lib/active_record/connection_handling.rb:116:in `retrieve_connection'
activerecord (5.1.5) lib/active_record/connection_handling.rb:88:in `connection'
activerecord (5.1.5) lib/active_record/migration.rb:562:in `connection'
activerecord (5.1.5) lib/active_record/migration.rb:553:in `call'
actionpack (5.1.5) lib/action_dispatch/middleware/callbacks.rb:26:in `block in call'
activesupport (5.1.5) lib/active_support/callbacks.rb:97:in `run_callbacks'
actionpack (5.1.5) lib/action_dispatch/middleware/callbacks.rb:24:in `call'
actionpack (5.1.5) lib/action_dispatch/middleware/executor.rb:12:in `call'
actionpack (5.1.5) lib/action_dispatch/middleware/debug_exceptions.rb:59:in `call'
web-console (3.5.1) lib/web_console/middleware.rb:135:in `call_app'
web-console (3.5.1) lib/web_console/middleware.rb:28:in `block in call'
web-console (3.5.1) lib/web_console/middleware.rb:18:in `catch'
web-console (3.5.1) lib/web_console/middleware.rb:18:in `call'
actionpack (5.1.5) lib/action_dispatch/middleware/show_exceptions.rb:31:in `call'
railties (5.1.5) lib/rails/rack/logger.rb:36:in `call_app'
railties (5.1.5) lib/rails/rack/logger.rb:24:in `block in call'
activesupport (5.1.5) lib/active_support/tagged_logging.rb:69:in `block in tagged'
activesupport (5.1.5) lib/active_support/tagged_logging.rb:26:in `tagged'
activesupport (5.1.5) lib/active_support/tagged_logging.rb:69:in `tagged'
railties (5.1.5) lib/rails/rack/logger.rb:24:in `call'
sprockets-rails (3.2.1) lib/sprockets/rails/quiet_assets.rb:13:in `call'
actionpack (5.1.5) lib/action_dispatch/middleware/remote_ip.rb:79:in `call'
actionpack (5.1.5) lib/action_dispatch/middleware/request_id.rb:25:in `call'
rack (2.0.4) lib/rack/method_override.rb:22:in `call'
rack (2.0.4) lib/rack/runtime.rb:22:in `call'
activesupport (5.1.5) lib/active_support/cache/strategy/local_cache_middleware.rb:27:in `call'
actionpack (5.1.5) lib/action_dispatch/middleware/executor.rb:12:in `call'
actionpack (5.1.5) lib/action_dispatch/middleware/static.rb:125:in `call'
rack (2.0.4) lib/rack/sendfile.rb:111:in `call'
railties (5.1.5) lib/rails/engine.rb:522:in `call'
puma (3.11.2) lib/puma/configuration.rb:225:in `call'
puma (3.11.2) lib/puma/server.rb:624:in `handle_request'
puma (3.11.2) lib/puma/server.rb:438:in `process_client'
puma (3.11.2) lib/puma/server.rb:302:in `block in run'
puma (3.11.2) lib/puma/thread_pool.rb:120:in `block in spawn_thread'
Started GET "/" for 127.0.0.1 at 2018-02-25 12:35:01 -0800
  
Mysql2::Error (Access denied for user 'root'@'localhost' (using password: NO)):
  
mysql2 (0.4.10) lib/mysql2/client.rb:89:in `connect'
mysql2 (0.4.10) lib/mysql2/client.rb:89:in `initialize'
activerecord (5.1.5) lib/active_record/connection_adapters/mysql2_adapter.rb:21:in `new'
activerecord (5.1.5) lib/active_record/connection_adapters/mysql2_adapter.rb:21:in `mysql2_connection'
activerecord (5.1.5) lib/active_record/connection_adapters/abstract/connection_pool.rb:759:in `new_connection'
activerecord (5.1.5) lib/active_record/connection_adapters/abstract/connection_pool.rb:803:in `checkout_new_connection'
activerecord (5.1.5) lib/active_record/connection_adapters/abstract/connection_pool.rb:782:in `try_to_checkout_new_connection'
activerecord (5.1.5) lib/active_record/connection_adapters/abstract/connection_pool.rb:743:in `acquire_connection'
activerecord (5.1.5) lib/active_record/connection_adapters/abstract/connection_pool.rb:500:in `checkout'
activerecord (5.1.5) lib/active_record/connection_adapters/abstract/connection_pool.rb:374:in `connection'
activerecord (5.1.5) lib/active_record/connection_adapters/abstract/connection_pool.rb:931:in `retrieve_connection'
activerecord (5.1.5) lib/active_record/connection_handling.rb:116:in `retrieve_connection'
activerecord (5.1.5) lib/active_record/connection_handling.rb:88:in `connection'
activerecord (5.1.5) lib/active_record/migration.rb:562:in `connection'
activerecord (5.1.5) lib/active_record/migration.rb:553:in `call'
actionpack (5.1.5) lib/action_dispatch/middleware/callbacks.rb:26:in `block in call'
activesupport (5.1.5) lib/active_support/callbacks.rb:97:in `run_callbacks'
actionpack (5.1.5) lib/action_dispatch/middleware/callbacks.rb:24:in `call'
actionpack (5.1.5) lib/action_dispatch/middleware/executor.rb:12:in `call'
actionpack (5.1.5) lib/action_dispatch/middleware/debug_exceptions.rb:59:in `call'
web-console (3.5.1) lib/web_console/middleware.rb:135:in `call_app'
web-console (3.5.1) lib/web_console/middleware.rb:28:in `block in call'
web-console (3.5.1) lib/web_console/middleware.rb:18:in `catch'
web-console (3.5.1) lib/web_console/middleware.rb:18:in `call'
actionpack (5.1.5) lib/action_dispatch/middleware/show_exceptions.rb:31:in `call'
railties (5.1.5) lib/rails/rack/logger.rb:36:in `call_app'
railties (5.1.5) lib/rails/rack/logger.rb:24:in `block in call'
activesupport (5.1.5) lib/active_support/tagged_logging.rb:69:in `block in tagged'
activesupport (5.1.5) lib/active_support/tagged_logging.rb:26:in `tagged'
activesupport (5.1.5) lib/active_support/tagged_logging.rb:69:in `tagged'
railties (5.1.5) lib/rails/rack/logger.rb:24:in `call'
sprockets-rails (3.2.1) lib/sprockets/rails/quiet_assets.rb:13:in `call'
actionpack (5.1.5) lib/action_dispatch/middleware/remote_ip.rb:79:in `call'
actionpack (5.1.5) lib/action_dispatch/middleware/request_id.rb:25:in `call'
rack (2.0.4) lib/rack/method_override.rb:22:in `call'
rack (2.0.4) lib/rack/runtime.rb:22:in `call'
activesupport (5.1.5) lib/active_support/cache/strategy/local_cache_middleware.rb:27:in `call'
actionpack (5.1.5) lib/action_dispatch/middleware/executor.rb:12:in `call'
actionpack (5.1.5) lib/action_dispatch/middleware/static.rb:125:in `call'
rack (2.0.4) lib/rack/sendfile.rb:111:in `call'
railties (5.1.5) lib/rails/engine.rb:522:in `call'
puma (3.11.2) lib/puma/configuration.rb:225:in `call'
puma (3.11.2) lib/puma/server.rb:624:in `handle_request'
puma (3.11.2) lib/puma/server.rb:438:in `process_client'
puma (3.11.2) lib/puma/server.rb:302:in `block in run'
puma (3.11.2) lib/puma/thread_pool.rb:120:in `block in spawn_thread'
Started GET "/" for 127.0.0.1 at 2018-02-25 12:35:07 -0800
  
Mysql2::Error (Access denied for user 'root'@'localhost' (using password: NO)):
  
mysql2 (0.4.10) lib/mysql2/client.rb:89:in `connect'
mysql2 (0.4.10) lib/mysql2/client.rb:89:in `initialize'
activerecord (5.1.5) lib/active_record/connection_adapters/mysql2_adapter.rb:21:in `new'
activerecord (5.1.5) lib/active_record/connection_adapters/mysql2_adapter.rb:21:in `mysql2_connection'
activerecord (5.1.5) lib/active_record/connection_adapters/abstract/connection_pool.rb:759:in `new_connection'
activerecord (5.1.5) lib/active_record/connection_adapters/abstract/connection_pool.rb:803:in `checkout_new_connection'
activerecord (5.1.5) lib/active_record/connection_adapters/abstract/connection_pool.rb:782:in `try_to_checkout_new_connection'
activerecord (5.1.5) lib/active_record/connection_adapters/abstract/connection_pool.rb:743:in `acquire_connection'
activerecord (5.1.5) lib/active_record/connection_adapters/abstract/connection_pool.rb:500:in `checkout'
activerecord (5.1.5) lib/active_record/connection_adapters/abstract/connection_pool.rb:374:in `connection'
activerecord (5.1.5) lib/active_record/connection_adapters/abstract/connection_pool.rb:931:in `retrieve_connection'
activerecord (5.1.5) lib/active_record/connection_handling.rb:116:in `retrieve_connection'
activerecord (5.1.5) lib/active_record/connection_handling.rb:88:in `connection'
activerecord (5.1.5) lib/active_record/migration.rb:562:in `connection'
activerecord (5.1.5) lib/active_record/migration.rb:553:in `call'
actionpack (5.1.5) lib/action_dispatch/middleware/callbacks.rb:26:in `block in call'
activesupport (5.1.5) lib/active_support/callbacks.rb:97:in `run_callbacks'
actionpack (5.1.5) lib/action_dispatch/middleware/callbacks.rb:24:in `call'
actionpack (5.1.5) lib/action_dispatch/middleware/executor.rb:12:in `call'
actionpack (5.1.5) lib/action_dispatch/middleware/debug_exceptions.rb:59:in `call'
web-console (3.5.1) lib/web_console/middleware.rb:135:in `call_app'
web-console (3.5.1) lib/web_console/middleware.rb:28:in `block in call'
web-console (3.5.1) lib/web_console/middleware.rb:18:in `catch'
web-console (3.5.1) lib/web_console/middleware.rb:18:in `call'
actionpack (5.1.5) lib/action_dispatch/middleware/show_exceptions.rb:31:in `call'
railties (5.1.5) lib/rails/rack/logger.rb:36:in `call_app'
railties (5.1.5) lib/rails/rack/logger.rb:24:in `block in call'
activesupport (5.1.5) lib/active_support/tagged_logging.rb:69:in `block in tagged'
activesupport (5.1.5) lib/active_support/tagged_logging.rb:26:in `tagged'
activesupport (5.1.5) lib/active_support/tagged_logging.rb:69:in `tagged'
railties (5.1.5) lib/rails/rack/logger.rb:24:in `call'
sprockets-rails (3.2.1) lib/sprockets/rails/quiet_assets.rb:13:in `call'
actionpack (5.1.5) lib/action_dispatch/middleware/remote_ip.rb:79:in `call'
actionpack (5.1.5) lib/action_dispatch/middleware/request_id.rb:25:in `call'
rack (2.0.4) lib/rack/method_override.rb:22:in `call'
rack (2.0.4) lib/rack/runtime.rb:22:in `call'
activesupport (5.1.5) lib/active_support/cache/strategy/local_cache_middleware.rb:27:in `call'
actionpack (5.1.5) lib/action_dispatch/middleware/executor.rb:12:in `call'
actionpack (5.1.5) lib/action_dispatch/middleware/static.rb:125:in `call'
rack (2.0.4) lib/rack/sendfile.rb:111:in `call'
railties (5.1.5) lib/rails/engine.rb:522:in `call'
puma (3.11.2) lib/puma/configuration.rb:225:in `call'
puma (3.11.2) lib/puma/server.rb:624:in `handle_request'
puma (3.11.2) lib/puma/server.rb:438:in `process_client'
puma (3.11.2) lib/puma/server.rb:302:in `block in run'
puma (3.11.2) lib/puma/thread_pool.rb:120:in `block in spawn_thread'
Started GET "/" for 127.0.0.1 at 2018-02-25 12:35:47 -0800
  
Mysql2::Error (Access denied for user 'root'@'localhost' (using password: NO)):
  
mysql2 (0.4.10) lib/mysql2/client.rb:89:in `connect'
mysql2 (0.4.10) lib/mysql2/client.rb:89:in `initialize'
activerecord (5.1.5) lib/active_record/connection_adapters/mysql2_adapter.rb:21:in `new'
activerecord (5.1.5) lib/active_record/connection_adapters/mysql2_adapter.rb:21:in `mysql2_connection'
activerecord (5.1.5) lib/active_record/connection_adapters/abstract/connection_pool.rb:759:in `new_connection'
activerecord (5.1.5) lib/active_record/connection_adapters/abstract/connection_pool.rb:803:in `checkout_new_connection'
activerecord (5.1.5) lib/active_record/connection_adapters/abstract/connection_pool.rb:782:in `try_to_checkout_new_connection'
activerecord (5.1.5) lib/active_record/connection_adapters/abstract/connection_pool.rb:743:in `acquire_connection'
activerecord (5.1.5) lib/active_record/connection_adapters/abstract/connection_pool.rb:500:in `checkout'
activerecord (5.1.5) lib/active_record/connection_adapters/abstract/connection_pool.rb:374:in `connection'
activerecord (5.1.5) lib/active_record/connection_adapters/abstract/connection_pool.rb:931:in `retrieve_connection'
activerecord (5.1.5) lib/active_record/connection_handling.rb:116:in `retrieve_connection'
activerecord (5.1.5) lib/active_record/connection_handling.rb:88:in `connection'
activerecord (5.1.5) lib/active_record/migration.rb:562:in `connection'
activerecord (5.1.5) lib/active_record/migration.rb:553:in `call'
actionpack (5.1.5) lib/action_dispatch/middleware/callbacks.rb:26:in `block in call'
activesupport (5.1.5) lib/active_support/callbacks.rb:97:in `run_callbacks'
actionpack (5.1.5) lib/action_dispatch/middleware/callbacks.rb:24:in `call'
actionpack (5.1.5) lib/action_dispatch/middleware/executor.rb:12:in `call'
actionpack (5.1.5) lib/action_dispatch/middleware/debug_exceptions.rb:59:in `call'
web-console (3.5.1) lib/web_console/middleware.rb:135:in `call_app'
web-console (3.5.1) lib/web_console/middleware.rb:28:in `block in call'
web-console (3.5.1) lib/web_console/middleware.rb:18:in `catch'
web-console (3.5.1) lib/web_console/middleware.rb:18:in `call'
actionpack (5.1.5) lib/action_dispatch/middleware/show_exceptions.rb:31:in `call'
railties (5.1.5) lib/rails/rack/logger.rb:36:in `call_app'
railties (5.1.5) lib/rails/rack/logger.rb:24:in `block in call'
activesupport (5.1.5) lib/active_support/tagged_logging.rb:69:in `block in tagged'
activesupport (5.1.5) lib/active_support/tagged_logging.rb:26:in `tagged'
activesupport (5.1.5) lib/active_support/tagged_logging.rb:69:in `tagged'
railties (5.1.5) lib/rails/rack/logger.rb:24:in `call'
sprockets-rails (3.2.1) lib/sprockets/rails/quiet_assets.rb:13:in `call'
actionpack (5.1.5) lib/action_dispatch/middleware/remote_ip.rb:79:in `call'
actionpack (5.1.5) lib/action_dispatch/middleware/request_id.rb:25:in `call'
rack (2.0.4) lib/rack/method_override.rb:22:in `call'
rack (2.0.4) lib/rack/runtime.rb:22:in `call'
activesupport (5.1.5) lib/active_support/cache/strategy/local_cache_middleware.rb:27:in `call'
actionpack (5.1.5) lib/action_dispatch/middleware/executor.rb:12:in `call'
actionpack (5.1.5) lib/action_dispatch/middleware/static.rb:125:in `call'
rack (2.0.4) lib/rack/sendfile.rb:111:in `call'
railties (5.1.5) lib/rails/engine.rb:522:in `call'
puma (3.11.2) lib/puma/configuration.rb:225:in `call'
puma (3.11.2) lib/puma/server.rb:624:in `handle_request'
puma (3.11.2) lib/puma/server.rb:438:in `process_client'
puma (3.11.2) lib/puma/server.rb:302:in `block in run'
puma (3.11.2) lib/puma/thread_pool.rb:120:in `block in spawn_thread'
Started GET "/" for 127.0.0.1 at 2018-02-25 12:36:19 -0800
  
Mysql2::Error (Access denied for user 'root'@'localhost' (using password: NO)):
  
mysql2 (0.4.10) lib/mysql2/client.rb:89:in `connect'
mysql2 (0.4.10) lib/mysql2/client.rb:89:in `initialize'
activerecord (5.1.5) lib/active_record/connection_adapters/mysql2_adapter.rb:21:in `new'
activerecord (5.1.5) lib/active_record/connection_adapters/mysql2_adapter.rb:21:in `mysql2_connection'
activerecord (5.1.5) lib/active_record/connection_adapters/abstract/connection_pool.rb:759:in `new_connection'
activerecord (5.1.5) lib/active_record/connection_adapters/abstract/connection_pool.rb:803:in `checkout_new_connection'
activerecord (5.1.5) lib/active_record/connection_adapters/abstract/connection_pool.rb:782:in `try_to_checkout_new_connection'
activerecord (5.1.5) lib/active_record/connection_adapters/abstract/connection_pool.rb:743:in `acquire_connection'
activerecord (5.1.5) lib/active_record/connection_adapters/abstract/connection_pool.rb:500:in `checkout'
activerecord (5.1.5) lib/active_record/connection_adapters/abstract/connection_pool.rb:374:in `connection'
activerecord (5.1.5) lib/active_record/connection_adapters/abstract/connection_pool.rb:931:in `retrieve_connection'
activerecord (5.1.5) lib/active_record/connection_handling.rb:116:in `retrieve_connection'
activerecord (5.1.5) lib/active_record/connection_handling.rb:88:in `connection'
activerecord (5.1.5) lib/active_record/migration.rb:562:in `connection'
activerecord (5.1.5) lib/active_record/migration.rb:553:in `call'
actionpack (5.1.5) lib/action_dispatch/middleware/callbacks.rb:26:in `block in call'
activesupport (5.1.5) lib/active_support/callbacks.rb:97:in `run_callbacks'
actionpack (5.1.5) lib/action_dispatch/middleware/callbacks.rb:24:in `call'
actionpack (5.1.5) lib/action_dispatch/middleware/executor.rb:12:in `call'
actionpack (5.1.5) lib/action_dispatch/middleware/debug_exceptions.rb:59:in `call'
web-console (3.5.1) lib/web_console/middleware.rb:135:in `call_app'
web-console (3.5.1) lib/web_console/middleware.rb:28:in `block in call'
web-console (3.5.1) lib/web_console/middleware.rb:18:in `catch'
web-console (3.5.1) lib/web_console/middleware.rb:18:in `call'
actionpack (5.1.5) lib/action_dispatch/middleware/show_exceptions.rb:31:in `call'
railties (5.1.5) lib/rails/rack/logger.rb:36:in `call_app'
railties (5.1.5) lib/rails/rack/logger.rb:24:in `block in call'
activesupport (5.1.5) lib/active_support/tagged_logging.rb:69:in `block in tagged'
activesupport (5.1.5) lib/active_support/tagged_logging.rb:26:in `tagged'
activesupport (5.1.5) lib/active_support/tagged_logging.rb:69:in `tagged'
railties (5.1.5) lib/rails/rack/logger.rb:24:in `call'
sprockets-rails (3.2.1) lib/sprockets/rails/quiet_assets.rb:13:in `call'
actionpack (5.1.5) lib/action_dispatch/middleware/remote_ip.rb:79:in `call'
actionpack (5.1.5) lib/action_dispatch/middleware/request_id.rb:25:in `call'
rack (2.0.4) lib/rack/method_override.rb:22:in `call'
rack (2.0.4) lib/rack/runtime.rb:22:in `call'
activesupport (5.1.5) lib/active_support/cache/strategy/local_cache_middleware.rb:27:in `call'
actionpack (5.1.5) lib/action_dispatch/middleware/executor.rb:12:in `call'
actionpack (5.1.5) lib/action_dispatch/middleware/static.rb:125:in `call'
rack (2.0.4) lib/rack/sendfile.rb:111:in `call'
railties (5.1.5) lib/rails/engine.rb:522:in `call'
puma (3.11.2) lib/puma/configuration.rb:225:in `call'
puma (3.11.2) lib/puma/server.rb:624:in `handle_request'
puma (3.11.2) lib/puma/server.rb:438:in `process_client'
puma (3.11.2) lib/puma/server.rb:302:in `block in run'
puma (3.11.2) lib/puma/thread_pool.rb:120:in `block in spawn_thread'
Started GET "/" for 127.0.0.1 at 2018-02-25 12:36:41 -0800
  [1m[35m (7.4ms)[0m  [1m[35mSET NAMES utf8,  @@SESSION.sql_mode = CONCAT(CONCAT(@@sql_mode, ',STRICT_ALL_TABLES'), ',NO_AUTO_VALUE_ON_ZERO'),  @@SESSION.sql_auto_is_null = 0, @@SESSION.wait_timeout = 2147483[0m
  
ActiveRecord::PendingMigrationError (

Migrations are pending. To resolve this issue, run:

        bin/rails db:migrate RAILS_ENV=development

):
  
activerecord (5.1.5) lib/active_record/migration.rb:576:in `check_pending!'
activerecord (5.1.5) lib/active_record/migration.rb:553:in `call'
actionpack (5.1.5) lib/action_dispatch/middleware/callbacks.rb:26:in `block in call'
activesupport (5.1.5) lib/active_support/callbacks.rb:97:in `run_callbacks'
actionpack (5.1.5) lib/action_dispatch/middleware/callbacks.rb:24:in `call'
actionpack (5.1.5) lib/action_dispatch/middleware/executor.rb:12:in `call'
actionpack (5.1.5) lib/action_dispatch/middleware/debug_exceptions.rb:59:in `call'
web-console (3.5.1) lib/web_console/middleware.rb:135:in `call_app'
web-console (3.5.1) lib/web_console/middleware.rb:28:in `block in call'
web-console (3.5.1) lib/web_console/middleware.rb:18:in `catch'
web-console (3.5.1) lib/web_console/middleware.rb:18:in `call'
actionpack (5.1.5) lib/action_dispatch/middleware/show_exceptions.rb:31:in `call'
railties (5.1.5) lib/rails/rack/logger.rb:36:in `call_app'
railties (5.1.5) lib/rails/rack/logger.rb:24:in `block in call'
activesupport (5.1.5) lib/active_support/tagged_logging.rb:69:in `block in tagged'
activesupport (5.1.5) lib/active_support/tagged_logging.rb:26:in `tagged'
activesupport (5.1.5) lib/active_support/tagged_logging.rb:69:in `tagged'
railties (5.1.5) lib/rails/rack/logger.rb:24:in `call'
sprockets-rails (3.2.1) lib/sprockets/rails/quiet_assets.rb:13:in `call'
actionpack (5.1.5) lib/action_dispatch/middleware/remote_ip.rb:79:in `call'
actionpack (5.1.5) lib/action_dispatch/middleware/request_id.rb:25:in `call'
rack (2.0.4) lib/rack/method_override.rb:22:in `call'
rack (2.0.4) lib/rack/runtime.rb:22:in `call'
activesupport (5.1.5) lib/active_support/cache/strategy/local_cache_middleware.rb:27:in `call'
actionpack (5.1.5) lib/action_dispatch/middleware/executor.rb:12:in `call'
actionpack (5.1.5) lib/action_dispatch/middleware/static.rb:125:in `call'
rack (2.0.4) lib/rack/sendfile.rb:111:in `call'
railties (5.1.5) lib/rails/engine.rb:522:in `call'
puma (3.11.2) lib/puma/configuration.rb:225:in `call'
puma (3.11.2) lib/puma/server.rb:624:in `handle_request'
puma (3.11.2) lib/puma/server.rb:438:in `process_client'
puma (3.11.2) lib/puma/server.rb:302:in `block in run'
puma (3.11.2) lib/puma/thread_pool.rb:120:in `block in spawn_thread'
  [1m[35m (0.3ms)[0m  [1m[35mSET NAMES utf8,  @@SESSION.sql_mode = CONCAT(CONCAT(@@sql_mode, ',STRICT_ALL_TABLES'), ',NO_AUTO_VALUE_ON_ZERO'),  @@SESSION.sql_auto_is_null = 0, @@SESSION.wait_timeout = 2147483[0m
  [1m[35m (96.7ms)[0m  [1m[35mCREATE TABLE `schema_migrations` (`version` varchar(255) NOT NULL PRIMARY KEY) ENGINE=InnoDB[0m
  [1m[35m (20.0ms)[0m  [1m[35mCREATE TABLE `ar_internal_metadata` (`key` varchar(255) NOT NULL PRIMARY KEY, `value` varchar(255), `created_at` datetime NOT NULL, `updated_at` datetime NOT NULL) ENGINE=InnoDB[0m
  [1m[35m (28.2ms)[0m  [1m[34mSELECT GET_LOCK('7315396764890230695', 0)[0m
  [1m[35m (2.8ms)[0m  [1m[34mSELECT `schema_migrations`.`version` FROM `schema_migrations` ORDER BY `schema_migrations`.`version` ASC[0m
Migrating to CreatePosts (20180225203129)
  [1m[35m (34.3ms)[0m  [1m[35mCREATE TABLE `posts` (`id` bigint NOT NULL AUTO_INCREMENT PRIMARY KEY, `title` varchar(255), `code` text, `created_at` datetime NOT NULL, `updated_at` datetime NOT NULL) ENGINE=InnoDB[0m
  [1m[35m (0.5ms)[0m  [1m[35mBEGIN[0m
  [1m[35mSQL (5.2ms)[0m  [1m[32mINSERT INTO `schema_migrations` (`version`) VALUES ('20180225203129')[0m
  [1m[35m (1.1ms)[0m  [1m[35mCOMMIT[0m
  [1m[36mActiveRecord::InternalMetadata Load (0.7ms)[0m  [1m[34mSELECT  `ar_internal_metadata`.* FROM `ar_internal_metadata` WHERE `ar_internal_metadata`.`key` = 'environment' LIMIT 1[0m
  [1m[35m (0.2ms)[0m  [1m[35mBEGIN[0m
  [1m[35mSQL (1.8ms)[0m  [1m[32mINSERT INTO `ar_internal_metadata` (`key`, `value`, `created_at`, `updated_at`) VALUES ('environment', 'development', '2018-02-25 20:36:55', '2018-02-25 20:36:55')[0m
  [1m[35m (0.6ms)[0m  [1m[35mCOMMIT[0m
  [1m[35m (0.6ms)[0m  [1m[34mSELECT RELEASE_LOCK('7315396764890230695')[0m
  [1m[35m (0.2ms)[0m  [1m[34mSELECT `schema_migrations`.`version` FROM `schema_migrations` ORDER BY `schema_migrations`.`version` ASC[0m
Started GET "/" for 127.0.0.1 at 2018-02-25 12:37:02 -0800
  [1m[35m (0.3ms)[0m  [1m[35mSET NAMES utf8,  @@SESSION.sql_mode = CONCAT(CONCAT(@@sql_mode, ',STRICT_ALL_TABLES'), ',NO_AUTO_VALUE_ON_ZERO'),  @@SESSION.sql_auto_is_null = 0, @@SESSION.wait_timeout = 2147483[0m
  [1m[35m (0.3ms)[0m  [1m[34mSELECT `schema_migrations`.`version` FROM `schema_migrations` ORDER BY `schema_migrations`.`version` ASC[0m
Processing by InterfaceController#index as HTML
  Rendering interface/index.html.erb within layouts/application
  Rendered interface/index.html.erb within layouts/application (1.0ms)
Completed 500 Internal Server Error in 16ms (ActiveRecord: 0.0ms)


  
SyntaxError (/Users/bingyanren/Sites/interpreter/app/views/interface/index.html.erb:4: syntax error, unexpected tIDENTIFIER, expecting ')'
...e interpreter" new_console_path );
...               ^~~~~~~~~~~~~~~~):
  
app/views/interface/index.html.erb:4: syntax error, unexpected tIDENTIFIER, expecting ')'
Started GET "/" for 127.0.0.1 at 2018-02-25 12:37:55 -0800
Processing by InterfaceController#index as HTML
  Rendering interface/index.html.erb within layouts/application
  Rendered interface/index.html.erb within layouts/application (154.5ms)
Completed 500 Internal Server Error in 161ms (ActiveRecord: 0.0ms)


  
ActionView::Template::Error (undefined local variable or method `new_console_path' for #<#<Class:0x00007f9874d02118>:0x00007f9875b22608>
Did you mean?  new_post_path):
    1: <h1>Interface#index</h1>
    2: <p>Find me in app/views/interface/index.html.erb</p>
    3: 
    4: <%= link_to 'Add Items Here', new_console_path %> <br />
  
app/views/interface/index.html.erb:4:in `_app_views_interface_index_html_erb___648001641570886687_70146393184140'
Started GET "/" for 127.0.0.1 at 2018-02-25 12:38:13 -0800
Processing by InterfaceController#index as HTML
  Rendering interface/index.html.erb within layouts/application
  Rendered interface/index.html.erb within layouts/application (0.5ms)
Completed 200 OK in 629ms (Views: 626.9ms | ActiveRecord: 0.0ms)


Started GET "/posts/new" for 127.0.0.1 at 2018-02-25 12:38:15 -0800
Processing by PostsController#new as HTML
  Rendering posts/new.html.erb within layouts/application
  Rendered posts/_form.html.erb (22.3ms)
  Rendered posts/new.html.erb within layouts/application (24.6ms)
Completed 200 OK in 67ms (Views: 40.2ms | ActiveRecord: 16.5ms)


Started POST "/posts" for 127.0.0.1 at 2018-02-25 12:38:22 -0800
Processing by PostsController#create as HTML
  Parameters: {"utf8"=>"✓", "authenticity_token"=>"Hxua0rrK2IsOyLHXhvuhnUP7V5bcH3U9xeeflstRbWvfHj859rdGwd7CoYYeVUDTFBTxMe9UqFdc+ErivcFTYw==", "post"=>{"title"=>"rwernu", "code"=>"Hello"}, "commit"=>"Create Post"}
  [1m[35m (0.1ms)[0m  [1m[35mBEGIN[0m
  [1m[35mSQL (6.3ms)[0m  [1m[32mINSERT INTO `posts` (`title`, `code`, `created_at`, `updated_at`) VALUES ('rwernu', 'Hello', '2018-02-25 20:38:22', '2018-02-25 20:38:22')[0m
  [1m[35m (17.0ms)[0m  [1m[35mCOMMIT[0m
Redirected to http://localhost:3000/posts/1
Completed 302 Found in 27ms (ActiveRecord: 23.4ms)


Started GET "/posts/1" for 127.0.0.1 at 2018-02-25 12:38:22 -0800
Processing by PostsController#show as HTML
  Parameters: {"id"=>"1"}
  [1m[36mPost Load (0.3ms)[0m  [1m[34mSELECT  `posts`.* FROM `posts` WHERE `posts`.`id` = 1 LIMIT 1[0m
  Rendering posts/show.html.erb within layouts/application
  Rendered posts/show.html.erb within layouts/application (0.6ms)
Completed 200 OK in 20ms (Views: 13.6ms | ActiveRecord: 0.3ms)


Started GET "/posts" for 127.0.0.1 at 2018-02-25 12:38:25 -0800
Processing by PostsController#index as HTML
  Rendering posts/index.html.erb within layouts/application
  [1m[36mPost Load (0.9ms)[0m  [1m[34mSELECT `posts`.* FROM `posts`[0m
  Rendered posts/index.html.erb within layouts/application (6.0ms)
Completed 200 OK in 41ms (Views: 27.6ms | ActiveRecord: 0.9ms)


Started GET "/" for 127.0.0.1 at 2018-02-25 12:53:42 -0800
Started GET "/" for 127.0.0.1 at 2018-02-25 12:53:42 -0800
  [1m[35m (0.4ms)[0m  [1m[35mSET NAMES utf8,  @@SESSION.sql_mode = CONCAT(CONCAT(@@sql_mode, ',STRICT_ALL_TABLES'), ',NO_AUTO_VALUE_ON_ZERO'),  @@SESSION.sql_auto_is_null = 0, @@SESSION.wait_timeout = 2147483[0m
  [1m[35m (6.7ms)[0m  [1m[35mSET NAMES utf8,  @@SESSION.sql_mode = CONCAT(CONCAT(@@sql_mode, ',STRICT_ALL_TABLES'), ',NO_AUTO_VALUE_ON_ZERO'),  @@SESSION.sql_auto_is_null = 0, @@SESSION.wait_timeout = 2147483[0m
  [1m[35m (0.4ms)[0m  [1m[34mSELECT `schema_migrations`.`version` FROM `schema_migrations` ORDER BY `schema_migrations`.`version` ASC[0m
  [1m[35m (0.3ms)[0m  [1m[34mSELECT `schema_migrations`.`version` FROM `schema_migrations` ORDER BY `schema_migrations`.`version` ASC[0m
Processing by InterfaceController#index as HTML
Processing by InterfaceController#index as HTML
  Rendering interface/index.html.erb within layouts/application
  Rendering interface/index.html.erb within layouts/application
  Rendered interface/index.html.erb within layouts/application (1.8ms)
  Rendered interface/index.html.erb within layouts/application (74.5ms)
Completed 200 OK in 228ms (Views: 216.4ms | ActiveRecord: 0.0ms)


Completed 200 OK in 221ms (Views: 218.6ms | ActiveRecord: 0.0ms)


Started GET "/posts/new" for 127.0.0.1 at 2018-02-25 12:53:45 -0800
Processing by PostsController#new as HTML
  Rendering posts/new.html.erb within layouts/application
  Rendered posts/_form.html.erb (22.1ms)
  Rendered posts/new.html.erb within layouts/application (24.6ms)
Completed 200 OK in 71ms (Views: 51.2ms | ActiveRecord: 5.8ms)


Started POST "/posts" for 127.0.0.1 at 2018-02-25 12:53:58 -0800
Processing by PostsController#create as HTML
  Parameters: {"utf8"=>"✓", "authenticity_token"=>"ZMX8ulZLHzBZ46yrRyGM0EqxUHJqCc9tVPGsM4PcboWkwFlRGjaBeonpvPrfj22eHV721VlCEgfN7nlH9UxQjQ==", "post"=>{"title"=>"1", "code"=>"for i in range x"}, "commit"=>"Create Post"}
  [1m[35m (0.1ms)[0m  [1m[35mBEGIN[0m
  [1m[35mSQL (6.3ms)[0m  [1m[32mINSERT INTO `posts` (`title`, `code`, `created_at`, `updated_at`) VALUES ('1', 'for i in range x', '2018-02-25 20:53:58', '2018-02-25 20:53:58')[0m
  [1m[35m (12.4ms)[0m  [1m[35mCOMMIT[0m
Redirected to http://localhost:3000/posts/2
Completed 302 Found in 23ms (ActiveRecord: 18.8ms)


Started GET "/posts/2" for 127.0.0.1 at 2018-02-25 12:53:59 -0800
Processing by PostsController#show as HTML
  Parameters: {"id"=>"2"}
  [1m[36mPost Load (0.3ms)[0m  [1m[34mSELECT  `posts`.* FROM `posts` WHERE `posts`.`id` = 2 LIMIT 1[0m
  Rendering posts/show.html.erb within layouts/application
  Rendered posts/show.html.erb within layouts/application (0.8ms)
Completed 200 OK in 31ms (Views: 25.3ms | ActiveRecord: 0.3ms)


Started GET "/posts/2" for 127.0.0.1 at 2018-02-25 12:55:38 -0800
Started GET "/posts" for 127.0.0.1 at 2018-02-25 12:55:38 -0800
  [1m[35m (2.4ms)[0m  [1m[35mSET NAMES utf8,  @@SESSION.sql_mode = CONCAT(CONCAT(@@sql_mode, ',STRICT_ALL_TABLES'), ',NO_AUTO_VALUE_ON_ZERO'),  @@SESSION.sql_auto_is_null = 0, @@SESSION.wait_timeout = 2147483[0m
  [1m[35m (3.3ms)[0m  [1m[35mSET NAMES utf8,  @@SESSION.sql_mode = CONCAT(CONCAT(@@sql_mode, ',STRICT_ALL_TABLES'), ',NO_AUTO_VALUE_ON_ZERO'),  @@SESSION.sql_auto_is_null = 0, @@SESSION.wait_timeout = 2147483[0m
  [1m[35m (0.2ms)[0m  [1m[34mSELECT `schema_migrations`.`version` FROM `schema_migrations` ORDER BY `schema_migrations`.`version` ASC[0m
  [1m[35m (1.2ms)[0m  [1m[34mSELECT `schema_migrations`.`version` FROM `schema_migrations` ORDER BY `schema_migrations`.`version` ASC[0m
Processing by PostsController#index as HTML
Processing by PostsController#show as HTML
  Parameters: {"id"=>"2"}
  [1m[36mPost Load (0.5ms)[0m  [1m[34mSELECT  `posts`.* FROM `posts` WHERE `posts`.`id` = 2 LIMIT 1[0m
  Rendering posts/index.html.erb within layouts/application
  Rendering posts/show.html.erb within layouts/application
  Rendered posts/show.html.erb within layouts/application (0.9ms)
  [1m[36mPost Load (0.4ms)[0m  [1m[34mSELECT `posts`.* FROM `posts`[0m
  Rendered posts/index.html.erb within layouts/application (92.1ms)
Completed 200 OK in 161ms (Views: 146.9ms | ActiveRecord: 0.4ms)


Completed 200 OK in 219ms (Views: 196.2ms | ActiveRecord: 1.6ms)


Started GET "/" for 127.0.0.1 at 2018-02-25 12:55:39 -0800
Processing by InterfaceController#index as HTML
  Rendering interface/index.html.erb within layouts/application
  Rendered interface/index.html.erb within layouts/application (0.5ms)
Completed 200 OK in 29ms (Views: 26.3ms | ActiveRecord: 0.0ms)


Started GET "/" for 127.0.0.1 at 2018-02-25 12:55:39 -0800
Processing by InterfaceController#index as HTML
  Rendering interface/index.html.erb within layouts/application
  Rendered interface/index.html.erb within layouts/application (0.6ms)
Completed 200 OK in 17ms (Views: 16.1ms | ActiveRecord: 0.0ms)


Started GET "/posts/new" for 127.0.0.1 at 2018-02-25 12:55:41 -0800
Processing by PostsController#new as HTML
  Rendering posts/new.html.erb within layouts/application
  Rendered posts/_form.html.erb (16.8ms)
  Rendered posts/new.html.erb within layouts/application (19.3ms)
Completed 200 OK in 39ms (Views: 37.4ms | ActiveRecord: 0.0ms)


Started POST "/posts" for 127.0.0.1 at 2018-02-25 12:55:44 -0800
Processing by PostsController#create as HTML
  Parameters: {"utf8"=>"✓", "authenticity_token"=>"aZTrH7lCEOPb1Egd4on1pT1lo9fLbogucO41IIF4iWepkU709T+OqQveWEx6JxTraooFcPglVUTp8eBU9+i3bw==", "post"=>{"code"=>"Hi"}, "commit"=>"Create Post"}
  [1m[35m (0.2ms)[0m  [1m[35mBEGIN[0m
  [1m[35mSQL (0.3ms)[0m  [1m[32mINSERT INTO `posts` (`code`, `created_at`, `updated_at`) VALUES ('Hi', '2018-02-25 20:55:44', '2018-02-25 20:55:44')[0m
  [1m[35m (5.9ms)[0m  [1m[35mCOMMIT[0m
Redirected to http://localhost:3000/posts/3
Completed 302 Found in 11ms (ActiveRecord: 6.4ms)


Started GET "/posts/3" for 127.0.0.1 at 2018-02-25 12:55:44 -0800
Processing by PostsController#show as HTML
  Parameters: {"id"=>"3"}
  [1m[36mPost Load (0.3ms)[0m  [1m[34mSELECT  `posts`.* FROM `posts` WHERE `posts`.`id` = 3 LIMIT 1[0m
  Rendering posts/show.html.erb within layouts/application
  Rendered posts/show.html.erb within layouts/application (0.7ms)
Completed 200 OK in 19ms (Views: 16.5ms | ActiveRecord: 0.3ms)


Started GET "/" for 127.0.0.1 at 2018-02-25 12:57:52 -0800
Started GET "/" for 127.0.0.1 at 2018-02-25 12:57:52 -0800
Processing by InterfaceController#index as HTML
Processing by InterfaceController#index as HTML
  Rendering interface/index.html.erb within layouts/application
  Rendered interface/index.html.erb within layouts/application (0.5ms)
  Rendering interface/index.html.erb within layouts/application
  Rendered interface/index.html.erb within layouts/application (0.1ms)
Completed 200 OK in 30ms (Views: 24.2ms | ActiveRecord: 0.0ms)


Completed 200 OK in 29ms (Views: 24.1ms | ActiveRecord: 0.0ms)


Started GET "/posts/new" for 127.0.0.1 at 2018-02-25 12:58:26 -0800
Processing by PostsController#new as HTML
  Rendering posts/new.html.erb within layouts/application
  Rendered posts/_form.html.erb (1.4ms)
  Rendered posts/new.html.erb within layouts/application (3.1ms)
Completed 200 OK in 20ms (Views: 16.2ms | ActiveRecord: 0.0ms)


Started POST "/posts" for 127.0.0.1 at 2018-02-25 13:00:24 -0800
Processing by PostsController#create as HTML
  Parameters: {"utf8"=>"✓", "authenticity_token"=>"NG8KW2OIXmunuhUUnNCDYdH+3N+LKU3amw8hQECp9wP0aq+wL/XAIXewBUUEfmIvhhF6eLhikLACEPQ0NjnJCw==", "post"=>{"code"=>""}, "commit"=>"Create Post"}
  [1m[35m (0.1ms)[0m  [1m[35mBEGIN[0m
  [1m[35mSQL (0.3ms)[0m  [1m[32mINSERT INTO `posts` (`code`, `created_at`, `updated_at`) VALUES ('', '2018-02-25 21:00:24', '2018-02-25 21:00:24')[0m
  [1m[35m (17.1ms)[0m  [1m[35mCOMMIT[0m
Redirected to http://localhost:3000/posts/4
Completed 302 Found in 20ms (ActiveRecord: 17.5ms)


Started GET "/posts/4" for 127.0.0.1 at 2018-02-25 13:00:24 -0800
Processing by PostsController#show as HTML
  Parameters: {"id"=>"4"}
  [1m[36mPost Load (0.2ms)[0m  [1m[34mSELECT  `posts`.* FROM `posts` WHERE `posts`.`id` = 4 LIMIT 1[0m
  Rendering posts/show.html.erb within layouts/application
  Rendered posts/show.html.erb within layouts/application (0.5ms)
Completed 200 OK in 17ms (Views: 14.5ms | ActiveRecord: 0.2ms)


Started GET "/" for 127.0.0.1 at 2018-02-25 13:00:38 -0800
Processing by InterfaceController#index as HTML
  Rendering interface/index.html.erb within layouts/application
  Rendered interface/index.html.erb within layouts/application (0.8ms)
Completed 200 OK in 26ms (Views: 24.2ms | ActiveRecord: 0.0ms)


Started GET "/" for 127.0.0.1 at 2018-02-25 13:00:38 -0800
Processing by InterfaceController#index as HTML
  Rendering interface/index.html.erb within layouts/application
  Rendered interface/index.html.erb within layouts/application (0.5ms)
Completed 200 OK in 15ms (Views: 13.5ms | ActiveRecord: 0.0ms)


Started GET "/posts/new" for 127.0.0.1 at 2018-02-25 13:00:40 -0800
Processing by PostsController#new as HTML
  Rendering posts/new.html.erb within layouts/application
  Rendered posts/_form.html.erb (1.9ms)
  Rendered posts/new.html.erb within layouts/application (6.2ms)
Completed 200 OK in 33ms (Views: 26.8ms | ActiveRecord: 0.0ms)


Started POST "/posts" for 127.0.0.1 at 2018-02-25 13:02:29 -0800
Processing by PostsController#create as HTML
  Parameters: {"utf8"=>"✓", "authenticity_token"=>"OLIY07st7W3CvKMFANWa7fp2U2y48OZezhBll5eomar4t70491BzJxK2s1SYe3ujrZn1y4u7OzRXD7Dj4Tinog==", "post"=>{"code"=>""}, "commit"=>"Create Post"}
  [1m[35m (0.1ms)[0m  [1m[35mBEGIN[0m
  [1m[35mSQL (0.3ms)[0m  [1m[32mINSERT INTO `posts` (`code`, `created_at`, `updated_at`) VALUES ('', '2018-02-25 21:02:29', '2018-02-25 21:02:29')[0m
  [1m[35m (6.3ms)[0m  [1m[35mCOMMIT[0m
Redirected to http://localhost:3000/posts/5
Completed 302 Found in 11ms (ActiveRecord: 6.7ms)


Started GET "/posts/5" for 127.0.0.1 at 2018-02-25 13:02:29 -0800
Processing by PostsController#show as HTML
  Parameters: {"id"=>"5"}
  [1m[36mPost Load (0.3ms)[0m  [1m[34mSELECT  `posts`.* FROM `posts` WHERE `posts`.`id` = 5 LIMIT 1[0m
  Rendering posts/show.html.erb within layouts/application
  Rendered posts/show.html.erb within layouts/application (0.9ms)
Completed 200 OK in 18ms (Views: 15.7ms | ActiveRecord: 0.3ms)


Started GET "/posts/5" for 127.0.0.1 at 2018-02-25 13:05:02 -0800
Processing by PostsController#show as HTML
  Parameters: {"id"=>"5"}
  [1m[36mPost Load (0.2ms)[0m  [1m[34mSELECT  `posts`.* FROM `posts` WHERE `posts`.`id` = 5 LIMIT 1[0m
  Rendering posts/show.html.erb within layouts/application
  Rendered posts/show.html.erb within layouts/application (0.5ms)
Completed 200 OK in 23ms (Views: 20.3ms | ActiveRecord: 0.2ms)


Started GET "/posts/5" for 127.0.0.1 at 2018-02-25 13:05:11 -0800
Processing by PostsController#show as HTML
  Parameters: {"id"=>"5"}
  [1m[36mPost Load (0.2ms)[0m  [1m[34mSELECT  `posts`.* FROM `posts` WHERE `posts`.`id` = 5 LIMIT 1[0m
  Rendering posts/show.html.erb within layouts/application
  Rendered posts/show.html.erb within layouts/application (0.5ms)
Completed 200 OK in 16ms (Views: 14.2ms | ActiveRecord: 0.2ms)


Started GET "/posts/5" for 127.0.0.1 at 2018-02-25 13:05:14 -0800
Processing by PostsController#show as HTML
  Parameters: {"id"=>"5"}
  [1m[36mPost Load (0.2ms)[0m  [1m[34mSELECT  `posts`.* FROM `posts` WHERE `posts`.`id` = 5 LIMIT 1[0m
  Rendering posts/show.html.erb within layouts/application
  Rendered posts/show.html.erb within layouts/application (0.4ms)
Completed 200 OK in 16ms (Views: 13.7ms | ActiveRecord: 0.2ms)


Started GET "/posts/5" for 127.0.0.1 at 2018-02-25 13:08:31 -0800
Processing by PostsController#show as HTML
  Parameters: {"id"=>"5"}
  [1m[36mPost Load (0.5ms)[0m  [1m[34mSELECT  `posts`.* FROM `posts` WHERE `posts`.`id` = 5 LIMIT 1[0m
  Rendering posts/show.html.erb within layouts/application
  Rendered posts/show.html.erb within layouts/application (0.7ms)
Completed 200 OK in 28ms (Views: 24.8ms | ActiveRecord: 0.5ms)


Started GET "/posts/5" for 127.0.0.1 at 2018-02-25 13:09:51 -0800
Processing by PostsController#show as HTML
  Parameters: {"id"=>"5"}
  [1m[36mPost Load (0.3ms)[0m  [1m[34mSELECT  `posts`.* FROM `posts` WHERE `posts`.`id` = 5 LIMIT 1[0m
  Rendering posts/show.html.erb within layouts/application
  Rendered posts/show.html.erb within layouts/application (0.9ms)
Completed 200 OK in 16ms (Views: 14.2ms | ActiveRecord: 0.3ms)


Started GET "/posts/5?data%5Bconfirm%5D=Are+you+sure%3F&method=delete" for 127.0.0.1 at 2018-02-25 13:09:53 -0800
Processing by PostsController#show as HTML
  Parameters: {"data"=>{"confirm"=>"Are you sure?"}, "method"=>"delete", "id"=>"5"}
  [1m[36mPost Load (0.2ms)[0m  [1m[34mSELECT  `posts`.* FROM `posts` WHERE `posts`.`id` = 5 LIMIT 1[0m
  Rendering posts/show.html.erb within layouts/application
  Rendered posts/show.html.erb within layouts/application (0.9ms)
Completed 200 OK in 30ms (Views: 25.3ms | ActiveRecord: 0.2ms)


Started GET "/posts/5?data%5Bconfirm%5D=Are+you+sure%3F&method=delete" for 127.0.0.1 at 2018-02-25 13:09:56 -0800
Processing by PostsController#show as HTML
  Parameters: {"data"=>{"confirm"=>"Are you sure?"}, "method"=>"delete", "id"=>"5"}
  [1m[36mPost Load (0.4ms)[0m  [1m[34mSELECT  `posts`.* FROM `posts` WHERE `posts`.`id` = 5 LIMIT 1[0m
  Rendering posts/show.html.erb within layouts/application
  Rendered posts/show.html.erb within layouts/application (1.2ms)
Completed 200 OK in 25ms (Views: 20.8ms | ActiveRecord: 0.4ms)


Started GET "/posts/5?data%5Bconfirm%5D=Are+you+sure%3F&method=delete" for 127.0.0.1 at 2018-02-25 13:10:25 -0800
Processing by PostsController#show as HTML
  Parameters: {"data"=>{"confirm"=>"Are you sure?"}, "method"=>"delete", "id"=>"5"}
  [1m[36mPost Load (0.3ms)[0m  [1m[34mSELECT  `posts`.* FROM `posts` WHERE `posts`.`id` = 5 LIMIT 1[0m
  Rendering posts/show.html.erb within layouts/application
  Rendered posts/show.html.erb within layouts/application (0.6ms)
Completed 200 OK in 21ms (Views: 17.7ms | ActiveRecord: 0.3ms)


Started GET "/posts/5?data%5Bconfirm%5D=Are+you+sure%3F&method=delete" for 127.0.0.1 at 2018-02-25 13:10:27 -0800
Processing by PostsController#show as HTML
  Parameters: {"data"=>{"confirm"=>"Are you sure?"}, "method"=>"delete", "id"=>"5"}
  [1m[36mPost Load (1.5ms)[0m  [1m[34mSELECT  `posts`.* FROM `posts` WHERE `posts`.`id` = 5 LIMIT 1[0m
  Rendering posts/show.html.erb within layouts/application
  Rendered posts/show.html.erb within layouts/application (1.0ms)
Completed 200 OK in 25ms (Views: 20.6ms | ActiveRecord: 1.5ms)


Started GET "/posts/5?data%5Bconfirm%5D=Are+you+sure%3F&method=delete" for 127.0.0.1 at 2018-02-25 13:12:35 -0800
Processing by PostsController#show as HTML
  Parameters: {"data"=>{"confirm"=>"Are you sure?"}, "method"=>"delete", "id"=>"5"}
  [1m[36mPost Load (0.3ms)[0m  [1m[34mSELECT  `posts`.* FROM `posts` WHERE `posts`.`id` = 5 LIMIT 1[0m
  Rendering posts/show.html.erb within layouts/application
  Rendered posts/show.html.erb within layouts/application (0.9ms)
Completed 200 OK in 28ms (Views: 25.2ms | ActiveRecord: 0.3ms)


Started GET "/posts" for 127.0.0.1 at 2018-02-25 13:12:42 -0800
Processing by PostsController#index as HTML
  Rendering posts/index.html.erb within layouts/application
  [1m[36mPost Load (1.3ms)[0m  [1m[34mSELECT `posts`.* FROM `posts`[0m
  Rendered posts/index.html.erb within layouts/application (4.6ms)
Completed 200 OK in 33ms (Views: 24.5ms | ActiveRecord: 1.3ms)


Started GET "/posts/5?data%5Bconfirm%5D=Are+you+sure%3F&method=delete" for 127.0.0.1 at 2018-02-25 13:12:53 -0800
Processing by PostsController#show as HTML
  Parameters: {"data"=>{"confirm"=>"Are you sure?"}, "method"=>"delete", "id"=>"5"}
  [1m[36mPost Load (0.3ms)[0m  [1m[34mSELECT  `posts`.* FROM `posts` WHERE `posts`.`id` = 5 LIMIT 1[0m
  Rendering posts/show.html.erb within layouts/application
  Rendered posts/show.html.erb within layouts/application (0.7ms)
Completed 200 OK in 18ms (Views: 14.9ms | ActiveRecord: 0.3ms)


Started GET "/posts/5" for 127.0.0.1 at 2018-02-25 13:12:55 -0800
Processing by PostsController#show as HTML
  Parameters: {"id"=>"5"}
  [1m[36mPost Load (0.5ms)[0m  [1m[34mSELECT  `posts`.* FROM `posts` WHERE `posts`.`id` = 5 LIMIT 1[0m
  Rendering posts/show.html.erb within layouts/application
  Rendered posts/show.html.erb within layouts/application (0.7ms)
Completed 200 OK in 32ms (Views: 28.8ms | ActiveRecord: 0.5ms)


Started GET "/posts/5" for 127.0.0.1 at 2018-02-25 13:12:56 -0800
Processing by PostsController#show as HTML
  Parameters: {"id"=>"5"}
  [1m[36mPost Load (1.6ms)[0m  [1m[34mSELECT  `posts`.* FROM `posts` WHERE `posts`.`id` = 5 LIMIT 1[0m
  Rendering posts/show.html.erb within layouts/application
  Rendered posts/show.html.erb within layouts/application (1.1ms)
Completed 200 OK in 24ms (Views: 19.7ms | ActiveRecord: 1.6ms)


Started GET "/posts/5" for 127.0.0.1 at 2018-02-25 13:14:39 -0800
Processing by PostsController#show as HTML
  Parameters: {"id"=>"5"}
  [1m[36mPost Load (0.3ms)[0m  [1m[34mSELECT  `posts`.* FROM `posts` WHERE `posts`.`id` = 5 LIMIT 1[0m
  Rendering posts/show.html.erb within layouts/application
  Rendered posts/show.html.erb within layouts/application (0.6ms)
Completed 200 OK in 24ms (Views: 21.4ms | ActiveRecord: 0.3ms)


Started GET "/posts/5/edit" for 127.0.0.1 at 2018-02-25 13:14:41 -0800
Processing by PostsController#edit as HTML
  Parameters: {"id"=>"5"}
  [1m[36mPost Load (0.3ms)[0m  [1m[34mSELECT  `posts`.* FROM `posts` WHERE `posts`.`id` = 5 LIMIT 1[0m
  Rendering posts/edit.html.erb within layouts/application
  Rendered posts/_form.html.erb (2.0ms)
  Rendered posts/edit.html.erb within layouts/application (9.4ms)
Completed 200 OK in 34ms (Views: 28.2ms | ActiveRecord: 0.3ms)


Started GET "/" for 127.0.0.1 at 2018-02-25 17:47:27 -0800
Processing by InterfaceController#index as HTML
  Rendering interface/index.html.erb within layouts/application
  Rendered interface/index.html.erb within layouts/application (7.8ms)
Completed 200 OK in 89ms (Views: 70.2ms | ActiveRecord: 0.0ms)


Started GET "/" for 127.0.0.1 at 2018-02-25 17:47:28 -0800
Processing by InterfaceController#index as HTML
  Rendering interface/index.html.erb within layouts/application
  Rendered interface/index.html.erb within layouts/application (0.7ms)
Completed 200 OK in 51ms (Views: 48.6ms | ActiveRecord: 0.0ms)


Started GET "/posts/new" for 127.0.0.1 at 2018-02-25 17:47:31 -0800
Processing by PostsController#new as HTML
  Rendering posts/new.html.erb within layouts/application
  Rendered posts/_form.html.erb (8.5ms)
  Rendered posts/new.html.erb within layouts/application (12.6ms)
Completed 200 OK in 79ms (Views: 71.3ms | ActiveRecord: 0.0ms)


Started GET "/posts/new" for 127.0.0.1 at 2018-02-25 17:53:46 -0800
Processing by PostsController#new as HTML
  Rendering posts/new.html.erb within layouts/application
  Rendered posts/_form.html.erb (8.1ms)
  Rendered posts/new.html.erb within layouts/application (10.2ms)
Completed 200 OK in 34ms (Views: 31.9ms | ActiveRecord: 0.0ms)


Started GET "/posts/new" for 127.0.0.1 at 2018-02-25 17:54:05 -0800
Processing by PostsController#new as HTML
  Rendering posts/new.html.erb within layouts/application
  Rendered posts/_form.html.erb (1.4ms)
  Rendered posts/new.html.erb within layouts/application (3.8ms)
Completed 200 OK in 27ms (Views: 22.1ms | ActiveRecord: 0.0ms)


Started GET "/posts/new" for 127.0.0.1 at 2018-02-25 17:54:20 -0800
Processing by PostsController#new as HTML
  Rendering posts/new.html.erb within layouts/application
  Rendered posts/_form.html.erb (3.0ms)
  Rendered posts/new.html.erb within layouts/application (4.8ms)
Completed 200 OK in 27ms (Views: 23.9ms | ActiveRecord: 0.0ms)


Started GET "/" for 127.0.0.1 at 2018-02-25 18:00:35 -0800
Started GET "/" for 127.0.0.1 at 2018-02-25 18:00:35 -0800
  [1m[35m (34.2ms)[0m  [1m[35mSET NAMES utf8,  @@SESSION.sql_mode = CONCAT(CONCAT(@@sql_mode, ',STRICT_ALL_TABLES'), ',NO_AUTO_VALUE_ON_ZERO'),  @@SESSION.sql_auto_is_null = 0, @@SESSION.wait_timeout = 2147483[0m
  [1m[35m (34.3ms)[0m  [1m[35mSET NAMES utf8,  @@SESSION.sql_mode = CONCAT(CONCAT(@@sql_mode, ',STRICT_ALL_TABLES'), ',NO_AUTO_VALUE_ON_ZERO'),  @@SESSION.sql_auto_is_null = 0, @@SESSION.wait_timeout = 2147483[0m
  [1m[35m (0.8ms)[0m  [1m[34mSELECT `schema_migrations`.`version` FROM `schema_migrations` ORDER BY `schema_migrations`.`version` ASC[0m
  [1m[35m (1.2ms)[0m  [1m[34mSELECT `schema_migrations`.`version` FROM `schema_migrations` ORDER BY `schema_migrations`.`version` ASC[0m
Processing by InterfaceController#index as HTML
Processing by InterfaceController#index as HTML
  Rendering interface/index.html.erb within layouts/application
  Rendering interface/index.html.erb within layouts/application
  Rendered interface/index.html.erb within layouts/application (1.9ms)
  Rendered interface/index.html.erb within layouts/application (21.0ms)
Completed 200 OK in 311ms (Views: 309.1ms | ActiveRecord: 0.0ms)


Completed 200 OK in 321ms (Views: 308.9ms | ActiveRecord: 0.0ms)


Started GET "/posts/new" for 127.0.0.1 at 2018-02-25 18:00:39 -0800
Processing by PostsController#new as HTML
  Rendering posts/new.html.erb within layouts/application
  Rendered posts/_form.html.erb (15.9ms)
  Rendered posts/new.html.erb within layouts/application (19.2ms)
Completed 200 OK in 60ms (Views: 35.8ms | ActiveRecord: 10.9ms)


Started GET "/posts/new" for 127.0.0.1 at 2018-02-25 18:01:07 -0800
Processing by PostsController#new as HTML
  Rendering posts/new.html.erb within layouts/application
  Rendered posts/_form.html.erb (1.3ms)
  Rendered posts/new.html.erb within layouts/application (3.3ms)
Completed 200 OK in 21ms (Views: 18.7ms | ActiveRecord: 0.0ms)


Started GET "/" for 127.0.0.1 at 2018-02-25 18:01:58 -0800
Processing by InterfaceController#index as HTML
  Rendering interface/index.html.erb within layouts/application
  Rendered interface/index.html.erb within layouts/application (0.4ms)
Completed 200 OK in 19ms (Views: 16.7ms | ActiveRecord: 0.0ms)


Started GET "/posts/new" for 127.0.0.1 at 2018-02-25 18:02:00 -0800
Processing by PostsController#new as HTML
  Rendering posts/new.html.erb within layouts/application
  Rendered posts/_form.html.erb (4.2ms)
  Rendered posts/new.html.erb within layouts/application (9.4ms)
Completed 200 OK in 41ms (Views: 38.7ms | ActiveRecord: 0.0ms)


Started GET "/posts/new" for 127.0.0.1 at 2018-02-25 18:03:22 -0800
Processing by PostsController#new as HTML
  Rendering posts/new.html.erb within layouts/application
  Rendered posts/_form.html.erb (1.4ms)
  Rendered posts/new.html.erb within layouts/application (3.8ms)
Completed 200 OK in 33ms (Views: 30.5ms | ActiveRecord: 0.0ms)


Started GET "/posts/new" for 127.0.0.1 at 2018-02-25 18:05:10 -0800
Processing by PostsController#new as HTML
  Rendering posts/new.html.erb within layouts/application
  Rendered posts/_form.html.erb (1.9ms)
  Rendered posts/new.html.erb within layouts/application (4.0ms)
Completed 200 OK in 29ms (Views: 27.2ms | ActiveRecord: 0.0ms)


Started GET "/posts/new" for 127.0.0.1 at 2018-02-25 18:05:21 -0800
Processing by PostsController#new as HTML
  Rendering posts/new.html.erb within layouts/application
  Rendered posts/_form.html.erb (2.6ms)
  Rendered posts/new.html.erb within layouts/application (4.6ms)
Completed 200 OK in 19ms (Views: 17.8ms | ActiveRecord: 0.0ms)


Started GET "/" for 127.0.0.1 at 2018-02-25 18:07:21 -0800
Processing by InterfaceController#index as HTML
  Rendering interface/index.html.erb within layouts/application
  Rendered interface/index.html.erb within layouts/application (1.1ms)
Completed 200 OK in 26ms (Views: 19.1ms | ActiveRecord: 0.0ms)


Started GET "/" for 127.0.0.1 at 2018-02-25 18:07:21 -0800
Processing by InterfaceController#index as HTML
  Rendering interface/index.html.erb within layouts/application
  Rendered interface/index.html.erb within layouts/application (0.5ms)
Completed 200 OK in 30ms (Views: 27.4ms | ActiveRecord: 0.0ms)


Started GET "/posts/new" for 127.0.0.1 at 2018-02-25 18:07:23 -0800
Processing by PostsController#new as HTML
  Rendering posts/new.html.erb within layouts/application
  Rendered posts/_form.html.erb (2.5ms)
  Rendered posts/new.html.erb within layouts/application (4.8ms)
Completed 200 OK in 31ms (Views: 25.3ms | ActiveRecord: 0.0ms)


Started GET "/posts" for 127.0.0.1 at 2018-02-25 18:07:28 -0800
Processing by PostsController#index as HTML
  Rendering posts/index.html.erb within layouts/application
  [1m[36mPost Load (18.8ms)[0m  [1m[34mSELECT `posts`.* FROM `posts`[0m
  Rendered posts/index.html.erb within layouts/application (23.8ms)
Completed 200 OK in 51ms (Views: 22.9ms | ActiveRecord: 18.8ms)


Started DELETE "/posts/1" for 127.0.0.1 at 2018-02-25 18:07:33 -0800
Processing by PostsController#destroy as HTML
  Parameters: {"authenticity_token"=>"fCPo9W11kgXd/kHpbpNor9dD9kZse5tGhgn26+P1+v1dE3GVg4RuMnQ6ilBVNiQDO7GDclNLyNboyvzk7Q1FTA==", "id"=>"1"}
  [1m[36mPost Load (28.9ms)[0m  [1m[34mSELECT  `posts`.* FROM `posts` WHERE `posts`.`id` = 1 LIMIT 1[0m
  [1m[35m (0.6ms)[0m  [1m[35mBEGIN[0m
  [1m[35mSQL (8.7ms)[0m  [1m[31mDELETE FROM `posts` WHERE `posts`.`id` = 1[0m
  [1m[35m (2.0ms)[0m  [1m[35mCOMMIT[0m
Redirected to http://localhost:3000/posts
Completed 302 Found in 46ms (ActiveRecord: 40.3ms)


Started GET "/posts" for 127.0.0.1 at 2018-02-25 18:07:33 -0800
Processing by PostsController#index as HTML
  Rendering posts/index.html.erb within layouts/application
  [1m[36mPost Load (0.3ms)[0m  [1m[34mSELECT `posts`.* FROM `posts`[0m
  Rendered posts/index.html.erb within layouts/application (2.2ms)
Completed 200 OK in 17ms (Views: 14.9ms | ActiveRecord: 0.3ms)


Started DELETE "/posts/2" for 127.0.0.1 at 2018-02-25 18:07:35 -0800
Processing by PostsController#destroy as HTML
  Parameters: {"authenticity_token"=>"ycTh4aWhn7iiYvm6FNckn4g3q+V4Q2ihmlupVa3gYDfo9HiBS1BjjwumMgMvcmgzZMXe0UdzOzH0mKNaoxjfhg==", "id"=>"2"}
  [1m[36mPost Load (0.2ms)[0m  [1m[34mSELECT  `posts`.* FROM `posts` WHERE `posts`.`id` = 2 LIMIT 1[0m
  [1m[35m (0.1ms)[0m  [1m[35mBEGIN[0m
  [1m[35mSQL (6.3ms)[0m  [1m[31mDELETE FROM `posts` WHERE `posts`.`id` = 2[0m
  [1m[35m (0.7ms)[0m  [1m[35mCOMMIT[0m
Redirected to http://localhost:3000/posts
Completed 302 Found in 10ms (ActiveRecord: 7.3ms)


Started GET "/posts" for 127.0.0.1 at 2018-02-25 18:07:35 -0800
Processing by PostsController#index as HTML
  Rendering posts/index.html.erb within layouts/application
  [1m[36mPost Load (0.2ms)[0m  [1m[34mSELECT `posts`.* FROM `posts`[0m
  Rendered posts/index.html.erb within layouts/application (1.7ms)
Completed 200 OK in 20ms (Views: 17.7ms | ActiveRecord: 0.2ms)


Started DELETE "/posts/3" for 127.0.0.1 at 2018-02-25 18:07:38 -0800
Processing by PostsController#destroy as HTML
  Parameters: {"authenticity_token"=>"2FZvjG0W3L7v7BFZnCYDLQwHTev13SSYPlCDJ8bPDYD5Zvbsg+cgiUYo2uCng0+B4PU438rtdwhQk4koyDeyMQ==", "id"=>"3"}
  [1m[36mPost Load (0.2ms)[0m  [1m[34mSELECT  `posts`.* FROM `posts` WHERE `posts`.`id` = 3 LIMIT 1[0m
  [1m[35m (0.1ms)[0m  [1m[35mBEGIN[0m
  [1m[35mSQL (0.2ms)[0m  [1m[31mDELETE FROM `posts` WHERE `posts`.`id` = 3[0m
  [1m[35m (5.7ms)[0m  [1m[35mCOMMIT[0m
Redirected to http://localhost:3000/posts
Completed 302 Found in 9ms (ActiveRecord: 6.2ms)


Started GET "/posts" for 127.0.0.1 at 2018-02-25 18:07:38 -0800
Processing by PostsController#index as HTML
  Rendering posts/index.html.erb within layouts/application
  [1m[36mPost Load (0.2ms)[0m  [1m[34mSELECT `posts`.* FROM `posts`[0m
  Rendered posts/index.html.erb within layouts/application (1.8ms)
Completed 200 OK in 21ms (Views: 19.5ms | ActiveRecord: 0.2ms)


Started DELETE "/posts/4" for 127.0.0.1 at 2018-02-25 18:07:41 -0800
Processing by PostsController#destroy as HTML
  Parameters: {"authenticity_token"=>"EFwpoAE4175fLORWBhk1Qt+/K3dOfepPQX3rOwvYwz0xbLDA78krifboL+89vHnuM01eQ3FNud8vvuE0BSB8jA==", "id"=>"4"}
  [1m[36mPost Load (0.6ms)[0m  [1m[34mSELECT  `posts`.* FROM `posts` WHERE `posts`.`id` = 4 LIMIT 1[0m
  [1m[35m (0.1ms)[0m  [1m[35mBEGIN[0m
  [1m[35mSQL (0.5ms)[0m  [1m[31mDELETE FROM `posts` WHERE `posts`.`id` = 4[0m
  [1m[35m (5.8ms)[0m  [1m[35mCOMMIT[0m
Redirected to http://localhost:3000/posts
Completed 302 Found in 11ms (ActiveRecord: 7.1ms)


Started GET "/posts" for 127.0.0.1 at 2018-02-25 18:07:41 -0800
Processing by PostsController#index as HTML
  Rendering posts/index.html.erb within layouts/application
  [1m[36mPost Load (0.2ms)[0m  [1m[34mSELECT `posts`.* FROM `posts`[0m
  Rendered posts/index.html.erb within layouts/application (1.4ms)
Completed 200 OK in 16ms (Views: 14.1ms | ActiveRecord: 0.2ms)


Started GET "/posts" for 127.0.0.1 at 2018-02-25 18:09:40 -0800
Processing by PostsController#index as HTML
  Rendering posts/index.html.erb within layouts/application
  [1m[36mPost Load (0.3ms)[0m  [1m[34mSELECT `posts`.* FROM `posts`[0m
  Rendered posts/index.html.erb within layouts/application (6.1ms)
Completed 200 OK in 30ms (Views: 24.8ms | ActiveRecord: 1.1ms)


Started GET "/posts" for 127.0.0.1 at 2018-02-25 18:10:00 -0800
Processing by PostsController#index as HTML
  Rendering posts/index.html.erb within layouts/application
  [1m[36mPost Load (0.2ms)[0m  [1m[34mSELECT `posts`.* FROM `posts`[0m
  Rendered posts/index.html.erb within layouts/application (2.3ms)
Completed 200 OK in 17ms (Views: 14.7ms | ActiveRecord: 0.2ms)


Started GET "/posts/new" for 127.0.0.1 at 2018-02-25 18:10:02 -0800
Processing by PostsController#new as HTML
  Rendering posts/new.html.erb within layouts/application
  Rendered posts/_form.html.erb (2.8ms)
  Rendered posts/new.html.erb within layouts/application (6.9ms)
Completed 200 OK in 34ms (Views: 23.9ms | ActiveRecord: 0.0ms)


Started POST "/posts" for 127.0.0.1 at 2018-02-25 18:10:24 -0800
Processing by PostsController#create as HTML
  Parameters: {"utf8"=>"✓", "authenticity_token"=>"zG/NqsSWFkeqh7HjTI7TroMdvMdcsoemiKd4RGuUVY4MamhBiOuIDXqNobLUIDLg1PIaYG/5WswRuK0wHQRrhg==", "post"=>{"code"=>"int sum = 0\r\nFor i in (1:4):\r\n    i++", "output"=>""}, "commit"=>"Create Post"}
Unpermitted parameter: :output
  [1m[35m (0.2ms)[0m  [1m[35mBEGIN[0m
  [1m[35mSQL (26.5ms)[0m  [1m[32mINSERT INTO `posts` (`code`, `created_at`, `updated_at`) VALUES ('int sum = 0\r\nFor i in (1:4):\r\n    i++', '2018-02-26 02:10:24', '2018-02-26 02:10:24')[0m
  [1m[35m (0.6ms)[0m  [1m[35mCOMMIT[0m
Redirected to http://localhost:3000/posts/6
Completed 302 Found in 31ms (ActiveRecord: 27.2ms)


Started GET "/posts/6" for 127.0.0.1 at 2018-02-25 18:10:24 -0800
Processing by PostsController#show as HTML
  Parameters: {"id"=>"6"}
  [1m[36mPost Load (0.2ms)[0m  [1m[34mSELECT  `posts`.* FROM `posts` WHERE `posts`.`id` = 6 LIMIT 1[0m
  Rendering posts/show.html.erb within layouts/application
  Rendered posts/show.html.erb within layouts/application (0.5ms)
Completed 200 OK in 17ms (Views: 14.1ms | ActiveRecord: 0.2ms)


Started GET "/posts/6" for 127.0.0.1 at 2018-02-25 18:10:51 -0800
Processing by PostsController#show as HTML
  Parameters: {"id"=>"6"}
  [1m[36mPost Load (0.2ms)[0m  [1m[34mSELECT  `posts`.* FROM `posts` WHERE `posts`.`id` = 6 LIMIT 1[0m
  Rendering posts/show.html.erb within layouts/application
  Rendered posts/show.html.erb within layouts/application (0.6ms)
Completed 200 OK in 22ms (Views: 20.0ms | ActiveRecord: 0.2ms)


Started GET "/" for 127.0.0.1 at 2018-02-26 18:24:35 -0800
Started GET "/" for 127.0.0.1 at 2018-02-26 18:24:35 -0800
  [1m[35m (36.4ms)[0m  [1m[35mSET NAMES utf8,  @@SESSION.sql_mode = CONCAT(CONCAT(@@sql_mode, ',STRICT_ALL_TABLES'), ',NO_AUTO_VALUE_ON_ZERO'),  @@SESSION.sql_auto_is_null = 0, @@SESSION.wait_timeout = 2147483[0m
  [1m[35m (36.3ms)[0m  [1m[35mSET NAMES utf8,  @@SESSION.sql_mode = CONCAT(CONCAT(@@sql_mode, ',STRICT_ALL_TABLES'), ',NO_AUTO_VALUE_ON_ZERO'),  @@SESSION.sql_auto_is_null = 0, @@SESSION.wait_timeout = 2147483[0m
  [1m[35m (0.4ms)[0m  [1m[34mSELECT `schema_migrations`.`version` FROM `schema_migrations` ORDER BY `schema_migrations`.`version` ASC[0m
  [1m[35m (0.8ms)[0m  [1m[34mSELECT `schema_migrations`.`version` FROM `schema_migrations` ORDER BY `schema_migrations`.`version` ASC[0m
Processing by InterfaceController#index as HTML
Processing by InterfaceController#index as HTML
  Rendering interface/index.html.erb within layouts/application
  Rendering interface/index.html.erb within layouts/application
  Rendered interface/index.html.erb within layouts/application (1.9ms)
  Rendered interface/index.html.erb within layouts/application (0.9ms)
Completed 200 OK in 204ms (Views: 201.8ms | ActiveRecord: 0.0ms)


Completed 200 OK in 213ms (Views: 202.1ms | ActiveRecord: 0.0ms)


Started GET "/posts/new" for 127.0.0.1 at 2018-02-26 18:24:38 -0800
Processing by PostsController#new as HTML
  Rendering posts/new.html.erb within layouts/application
  Rendered posts/_form.html.erb (23.4ms)
  Rendered posts/new.html.erb within layouts/application (25.5ms)
Completed 200 OK in 81ms (Views: 52.2ms | ActiveRecord: 14.2ms)


Started GET "/posts" for 127.0.0.1 at 2018-02-26 18:24:55 -0800
Processing by PostsController#index as HTML
  Rendering posts/index.html.erb within layouts/application
  [1m[36mPost Load (33.8ms)[0m  [1m[34mSELECT `posts`.* FROM `posts`[0m
  Rendered posts/index.html.erb within layouts/application (39.1ms)
Completed 200 OK in 70ms (Views: 31.9ms | ActiveRecord: 33.8ms)


Started GET "/posts/new" for 127.0.0.1 at 2018-02-26 18:24:58 -0800
Processing by PostsController#new as HTML
  Rendering posts/new.html.erb within layouts/application
  Rendered posts/_form.html.erb (4.9ms)
  Rendered posts/new.html.erb within layouts/application (11.0ms)
Completed 200 OK in 71ms (Views: 65.8ms | ActiveRecord: 0.0ms)


Started GET "/" for 127.0.0.1 at 2018-02-26 18:41:53 -0800
Started GET "/" for 127.0.0.1 at 2018-02-26 18:41:53 -0800
  [1m[35m (0.4ms)[0m  [1m[35mSET NAMES utf8,  @@SESSION.sql_mode = CONCAT(CONCAT(@@sql_mode, ',STRICT_ALL_TABLES'), ',NO_AUTO_VALUE_ON_ZERO'),  @@SESSION.sql_auto_is_null = 0, @@SESSION.wait_timeout = 2147483[0m
  [1m[35m (0.6ms)[0m  [1m[35mSET NAMES utf8,  @@SESSION.sql_mode = CONCAT(CONCAT(@@sql_mode, ',STRICT_ALL_TABLES'), ',NO_AUTO_VALUE_ON_ZERO'),  @@SESSION.sql_auto_is_null = 0, @@SESSION.wait_timeout = 2147483[0m
  [1m[35m (0.4ms)[0m  [1m[34mSELECT `schema_migrations`.`version` FROM `schema_migrations` ORDER BY `schema_migrations`.`version` ASC[0m
  [1m[35m (0.7ms)[0m  [1m[34mSELECT `schema_migrations`.`version` FROM `schema_migrations` ORDER BY `schema_migrations`.`version` ASC[0m
Processing by InterfaceController#index as HTML
Processing by InterfaceController#index as HTML
  Rendering interface/index.html.erb within layouts/application
  Rendering interface/index.html.erb within layouts/application
  Rendered interface/index.html.erb within layouts/application (2.2ms)
  Rendered interface/index.html.erb within layouts/application (33.6ms)
Completed 200 OK in 195ms (Views: 192.0ms | ActiveRecord: 0.0ms)


Completed 200 OK in 204ms (Views: 194.1ms | ActiveRecord: 0.0ms)


Started GET "/posts/new" for 127.0.0.1 at 2018-02-26 18:41:55 -0800
Processing by PostsController#new as HTML
  Rendering posts/new.html.erb within layouts/application
  Rendered posts/_form.html.erb (20.9ms)
  Rendered posts/new.html.erb within layouts/application (23.3ms)
Completed 200 OK in 71ms (Views: 48.3ms | ActiveRecord: 8.1ms)


Started POST "/posts" for 127.0.0.1 at 2018-02-26 18:42:15 -0800
Processing by PostsController#create as HTML
  Parameters: {"utf8"=>"✓", "authenticity_token"=>"0bdtOUVDBxZKEYvyohaj7+D3W5mTnB7zWLFJ39KhF9cRssjSCT6ZXJobm6M6uEKhtxj9PqDXw5nBrpyrpDEp3w==", "post"=>{"code"=>"def enter():\r\n    you will have to define a function\r\n", "output"=>""}, "commit"=>"Create Post"}
Unpermitted parameter: :output
  [1m[35m (5.7ms)[0m  [1m[35mBEGIN[0m
  [1m[35mSQL (60.1ms)[0m  [1m[32mINSERT INTO `posts` (`code`, `created_at`, `updated_at`) VALUES ('def enter():\r\n    you will have to define a function\r\n', '2018-02-27 02:42:15', '2018-02-27 02:42:15')[0m
  [1m[35m (2.0ms)[0m  [1m[35mCOMMIT[0m
Redirected to http://localhost:3000/posts/7
Completed 302 Found in 74ms (ActiveRecord: 67.7ms)


Started GET "/posts/7" for 127.0.0.1 at 2018-02-26 18:42:15 -0800
Processing by PostsController#show as HTML
  Parameters: {"id"=>"7"}
  [1m[36mPost Load (25.9ms)[0m  [1m[34mSELECT  `posts`.* FROM `posts` WHERE `posts`.`id` = 7 LIMIT 1[0m
  Rendering posts/show.html.erb within layouts/application
  Rendered posts/show.html.erb within layouts/application (0.8ms)
Completed 200 OK in 57ms (Views: 22.6ms | ActiveRecord: 25.9ms)


Started GET "/posts" for 127.0.0.1 at 2018-02-26 18:42:24 -0800
Processing by PostsController#index as HTML
  Rendering posts/index.html.erb within layouts/application
  [1m[36mPost Load (0.6ms)[0m  [1m[34mSELECT `posts`.* FROM `posts`[0m
  Rendered posts/index.html.erb within layouts/application (5.3ms)
Completed 200 OK in 36ms (Views: 27.6ms | ActiveRecord: 0.6ms)


Started GET "/posts" for 127.0.0.1 at 2018-02-26 18:44:11 -0800
Processing by PostsController#index as HTML
  Rendering posts/index.html.erb within layouts/application
  [1m[36mPost Load (0.2ms)[0m  [1m[34mSELECT `posts`.* FROM `posts`[0m
  Rendered posts/index.html.erb within layouts/application (6.8ms)
Completed 200 OK in 25ms (Views: 19.2ms | ActiveRecord: 1.2ms)


Started GET "/posts" for 127.0.0.1 at 2018-02-26 18:44:36 -0800
Processing by PostsController#index as HTML
  Rendering posts/index.html.erb within layouts/application
  [1m[36mPost Load (0.3ms)[0m  [1m[34mSELECT `posts`.* FROM `posts`[0m
  Rendered posts/index.html.erb within layouts/application (1.8ms)
Completed 200 OK in 16ms (Views: 14.1ms | ActiveRecord: 0.3ms)


Started GET "/" for 127.0.0.1 at 2018-02-26 18:44:59 -0800
Started GET "/" for 127.0.0.1 at 2018-02-26 18:44:59 -0800
  [1m[35m (0.4ms)[0m  [1m[35mSET NAMES utf8,  @@SESSION.sql_mode = CONCAT(CONCAT(@@sql_mode, ',STRICT_ALL_TABLES'), ',NO_AUTO_VALUE_ON_ZERO'),  @@SESSION.sql_auto_is_null = 0, @@SESSION.wait_timeout = 2147483[0m
  [1m[35m (0.3ms)[0m  [1m[35mSET NAMES utf8,  @@SESSION.sql_mode = CONCAT(CONCAT(@@sql_mode, ',STRICT_ALL_TABLES'), ',NO_AUTO_VALUE_ON_ZERO'),  @@SESSION.sql_auto_is_null = 0, @@SESSION.wait_timeout = 2147483[0m
  [1m[35m (0.3ms)[0m  [1m[34mSELECT `schema_migrations`.`version` FROM `schema_migrations` ORDER BY `schema_migrations`.`version` ASC[0m
Processing by InterfaceController#index as HTML
  [1m[35m (11.4ms)[0m  [1m[34mSELECT `schema_migrations`.`version` FROM `schema_migrations` ORDER BY `schema_migrations`.`version` ASC[0m
Processing by InterfaceController#index as HTML
  Rendering interface/index.html.erb within layouts/application
  Rendering interface/index.html.erb within layouts/application
  Rendered interface/index.html.erb within layouts/application (1.4ms)
  Rendered interface/index.html.erb within layouts/application (1.0ms)
Completed 200 OK in 221ms (Views: 212.5ms | ActiveRecord: 0.0ms)


Completed 200 OK in 214ms (Views: 212.0ms | ActiveRecord: 0.0ms)


Started GET "/posts/new" for 127.0.0.1 at 2018-02-26 18:45:02 -0800
Processing by PostsController#new as HTML
  Rendering posts/new.html.erb within layouts/application
  Rendered posts/_form.html.erb (21.2ms)
  Rendered posts/new.html.erb within layouts/application (23.5ms)
Completed 200 OK in 92ms (Views: 50.6ms | ActiveRecord: 28.3ms)


Started GET "/posts" for 127.0.0.1 at 2018-02-26 18:45:03 -0800
Processing by PostsController#index as HTML
  Rendering posts/index.html.erb within layouts/application
  [1m[36mPost Load (0.4ms)[0m  [1m[34mSELECT `posts`.* FROM `posts`[0m
  Rendered posts/index.html.erb within layouts/application (10.2ms)
Completed 200 OK in 42ms (Views: 37.8ms | ActiveRecord: 0.4ms)


Started GET "/posts" for 127.0.0.1 at 2018-02-26 18:46:17 -0800
Processing by PostsController#index as HTML
  Rendering posts/index.html.erb within layouts/application
  [1m[36mPost Load (0.2ms)[0m  [1m[34mSELECT `posts`.* FROM `posts`[0m
  Rendered posts/index.html.erb within layouts/application (2.7ms)
Completed 200 OK in 30ms (Views: 27.1ms | ActiveRecord: 0.2ms)


Started GET "/posts" for 127.0.0.1 at 2018-02-26 18:46:27 -0800
Processing by PostsController#index as HTML
  Rendering posts/index.html.erb within layouts/application
  [1m[36mPost Load (0.2ms)[0m  [1m[34mSELECT `posts`.* FROM `posts`[0m
  Rendered posts/index.html.erb within layouts/application (1.7ms)
Completed 200 OK in 18ms (Views: 15.1ms | ActiveRecord: 0.2ms)


Started GET "/posts" for 127.0.0.1 at 2018-02-26 18:49:29 -0800
Processing by PostsController#index as HTML
  Rendering posts/index.html.erb within layouts/application
  [1m[36mPost Load (0.3ms)[0m  [1m[34mSELECT `posts`.* FROM `posts`[0m
  Rendered posts/index.html.erb within layouts/application (15.6ms)
Completed 200 OK in 48ms (Views: 33.9ms | ActiveRecord: 8.6ms)


Started GET "/" for 127.0.0.1 at 2018-02-26 19:01:44 -0800
Started GET "/" for 127.0.0.1 at 2018-02-26 19:01:44 -0800
  [1m[35m (0.3ms)[0m  [1m[35mSET NAMES utf8,  @@SESSION.sql_mode = CONCAT(CONCAT(@@sql_mode, ',STRICT_ALL_TABLES'), ',NO_AUTO_VALUE_ON_ZERO'),  @@SESSION.sql_auto_is_null = 0, @@SESSION.wait_timeout = 2147483[0m
  [1m[35m (0.3ms)[0m  [1m[35mSET NAMES utf8,  @@SESSION.sql_mode = CONCAT(CONCAT(@@sql_mode, ',STRICT_ALL_TABLES'), ',NO_AUTO_VALUE_ON_ZERO'),  @@SESSION.sql_auto_is_null = 0, @@SESSION.wait_timeout = 2147483[0m
  [1m[35m (0.4ms)[0m  [1m[34mSELECT `schema_migrations`.`version` FROM `schema_migrations` ORDER BY `schema_migrations`.`version` ASC[0m
  [1m[35m (0.3ms)[0m  [1m[34mSELECT `schema_migrations`.`version` FROM `schema_migrations` ORDER BY `schema_migrations`.`version` ASC[0m
Processing by InterfaceController#index as HTML
Processing by InterfaceController#index as HTML
  Rendering interface/index.html.erb within layouts/application
  Rendering interface/index.html.erb within layouts/application
  Rendered interface/index.html.erb within layouts/application (1.4ms)
  Rendered interface/index.html.erb within layouts/application (103.9ms)
Completed 200 OK in 192ms (Views: 189.6ms | ActiveRecord: 0.0ms)


Completed 200 OK in 201ms (Views: 190.9ms | ActiveRecord: 0.0ms)


Started GET "/posts/new" for 127.0.0.1 at 2018-02-26 19:01:47 -0800
Processing by PostsController#new as HTML
  Rendering posts/new.html.erb within layouts/application
  Rendered posts/_form.html.erb (20.2ms)
  Rendered posts/new.html.erb within layouts/application (24.5ms)
Completed 200 OK in 77ms (Views: 56.4ms | ActiveRecord: 1.8ms)


Started GET "/posts" for 127.0.0.1 at 2018-02-26 19:01:48 -0800
Processing by PostsController#index as HTML
  Rendering posts/index.html.erb within layouts/application
  [1m[36mPost Load (0.4ms)[0m  [1m[34mSELECT `posts`.* FROM `posts`[0m
  Rendered posts/index.html.erb within layouts/application (6.5ms)
Completed 200 OK in 49ms (Views: 37.1ms | ActiveRecord: 0.4ms)


Started GET "/posts" for 127.0.0.1 at 2018-02-26 19:02:18 -0800
Processing by PostsController#index as HTML
  Rendering posts/index.html.erb within layouts/application
  [1m[36mPost Load (0.3ms)[0m  [1m[34mSELECT `posts`.* FROM `posts`[0m
  Rendered posts/index.html.erb within layouts/application (3.1ms)
Completed 200 OK in 29ms (Views: 26.5ms | ActiveRecord: 0.3ms)


Started GET "/posts" for 127.0.0.1 at 2018-02-26 19:02:31 -0800
Processing by PostsController#index as HTML
  Rendering posts/index.html.erb within layouts/application
  [1m[36mPost Load (0.2ms)[0m  [1m[34mSELECT `posts`.* FROM `posts`[0m
  Rendered posts/index.html.erb within layouts/application (1.8ms)
Completed 200 OK in 19ms (Views: 16.4ms | ActiveRecord: 0.2ms)


Started GET "/posts" for 127.0.0.1 at 2018-02-26 19:02:58 -0800
Processing by PostsController#index as HTML
  Rendering posts/index.html.erb within layouts/application
  [1m[36mPost Load (0.2ms)[0m  [1m[34mSELECT `posts`.* FROM `posts`[0m
  Rendered posts/index.html.erb within layouts/application (6.3ms)
Completed 200 OK in 23ms (Views: 18.8ms | ActiveRecord: 1.0ms)


Started GET "/posts" for 127.0.0.1 at 2018-02-26 19:06:40 -0800
Processing by PostsController#index as HTML
  Rendering posts/index.html.erb within layouts/application
  [1m[36mPost Load (0.2ms)[0m  [1m[34mSELECT `posts`.* FROM `posts`[0m
  Rendered posts/index.html.erb within layouts/application (5.3ms)
Completed 200 OK in 41ms (Views: 36.4ms | ActiveRecord: 0.2ms)


Started GET "/posts" for 127.0.0.1 at 2018-02-26 19:06:52 -0800
Processing by PostsController#index as HTML
  Rendering posts/index.html.erb within layouts/application
  [1m[36mPost Load (0.2ms)[0m  [1m[34mSELECT `posts`.* FROM `posts`[0m
  Rendered posts/index.html.erb within layouts/application (4.7ms)
Completed 200 OK in 23ms (Views: 17.7ms | ActiveRecord: 0.2ms)


Started GET "/posts" for 127.0.0.1 at 2018-02-26 19:08:31 -0800
Processing by PostsController#index as HTML
  Rendering posts/index.html.erb within layouts/application
  [1m[36mPost Load (0.2ms)[0m  [1m[34mSELECT `posts`.* FROM `posts`[0m
  Rendered posts/index.html.erb within layouts/application (5.4ms)
Completed 200 OK in 22ms (Views: 18.2ms | ActiveRecord: 0.2ms)


Started GET "/posts" for 127.0.0.1 at 2018-02-26 19:08:49 -0800
Processing by PostsController#index as HTML
  Rendering posts/index.html.erb within layouts/application
  [1m[36mPost Load (0.2ms)[0m  [1m[34mSELECT `posts`.* FROM `posts`[0m
  Rendered posts/index.html.erb within layouts/application (5.0ms)
Completed 200 OK in 21ms (Views: 18.1ms | ActiveRecord: 0.2ms)


Started GET "/posts" for 127.0.0.1 at 2018-02-26 19:09:39 -0800
Processing by PostsController#index as HTML
  Rendering posts/index.html.erb within layouts/application
  [1m[36mPost Load (0.3ms)[0m  [1m[34mSELECT `posts`.* FROM `posts`[0m
  Rendered posts/index.html.erb within layouts/application (11.7ms)
Completed 500 Internal Server Error in 20ms (ActiveRecord: 0.3ms)


  
ActionView::Template::Error (undefined method `welcome' for #<Post:0x00007fe3f3fc0998>):
    18:         <td><%= link_to 'Show', post %></td>
    19:         <td><%= link_to 'Edit', edit_post_path(post) %></td>
    20:         <td><%= link_to 'Destroy', post, method: :delete, data: { confirm: 'Are you sure?' } %></td>
    21:         <td><%= post.welcome() %></td>
    22:       </tr>
    23:     <% end %>
    24:   </tbody>
  
app/views/posts/index.html.erb:21:in `block in _app_views_posts_index_html_erb___2968653617051835189_70308482182540'
app/views/posts/index.html.erb:15:in `_app_views_posts_index_html_erb___2968653617051835189_70308482182540'
Started GET "/posts" for 127.0.0.1 at 2018-02-26 19:09:56 -0800
Processing by PostsController#index as HTML
  Rendering posts/index.html.erb within layouts/application
  [1m[36mPost Load (0.3ms)[0m  [1m[34mSELECT `posts`.* FROM `posts`[0m
  Rendered posts/index.html.erb within layouts/application (20.0ms)
Completed 500 Internal Server Error in 37ms (ActiveRecord: 7.4ms)


  
ActionView::Template::Error (undefined method `welcome' for #<Post:0x00007fe3f6981098>):
    18:         <td><%= link_to 'Show', post %></td>
    19:         <td><%= link_to 'Edit', edit_post_path(post) %></td>
    20:         <td><%= link_to 'Destroy', post, method: :delete, data: { confirm: 'Are you sure?' } %></td>
    21:         <td><%= post.welcome() %></td>
    22:       </tr>
    23:     <% end %>
    24:   </tbody>
  
app/views/posts/index.html.erb:21:in `block in _app_views_posts_index_html_erb___2968653617051835189_70308531592520'
app/views/posts/index.html.erb:15:in `_app_views_posts_index_html_erb___2968653617051835189_70308531592520'
Started GET "/posts" for 127.0.0.1 at 2018-02-26 19:11:56 -0800
Processing by PostsController#index as HTML
  Rendering posts/index.html.erb within layouts/application
  [1m[36mPost Load (0.3ms)[0m  [1m[34mSELECT `posts`.* FROM `posts`[0m
  Rendered posts/index.html.erb within layouts/application (2.8ms)
Completed 200 OK in 52ms (Views: 45.0ms | ActiveRecord: 0.3ms)


Started GET "/posts" for 127.0.0.1 at 2018-02-26 19:14:14 -0800
Processing by PostsController#index as HTML
  Rendering posts/index.html.erb within layouts/application
  [1m[36mPost Load (0.2ms)[0m  [1m[34mSELECT `posts`.* FROM `posts`[0m
  Rendered posts/index.html.erb within layouts/application (14.6ms)
Completed 200 OK in 53ms (Views: 39.3ms | ActiveRecord: 7.9ms)


Started GET "/posts" for 127.0.0.1 at 2018-02-26 19:15:44 -0800
  [1m[35m (0.4ms)[0m  [1m[35mSET NAMES utf8,  @@SESSION.sql_mode = CONCAT(CONCAT(@@sql_mode, ',STRICT_ALL_TABLES'), ',NO_AUTO_VALUE_ON_ZERO'),  @@SESSION.sql_auto_is_null = 0, @@SESSION.wait_timeout = 2147483[0m
  [1m[35m (0.3ms)[0m  [1m[34mSELECT `schema_migrations`.`version` FROM `schema_migrations` ORDER BY `schema_migrations`.`version` ASC[0m
Processing by PostsController#index as HTML
  Rendering posts/index.html.erb within layouts/application
  [1m[36mPost Load (0.4ms)[0m  [1m[34mSELECT `posts`.* FROM `posts`[0m
  Rendered posts/index.html.erb within layouts/application (18.7ms)
Completed 200 OK in 186ms (Views: 171.7ms | ActiveRecord: 1.8ms)


Started GET "/posts" for 127.0.0.1 at 2018-02-26 19:15:55 -0800
Processing by PostsController#index as HTML
  Rendering posts/index.html.erb within layouts/application
  [1m[36mPost Load (0.3ms)[0m  [1m[34mSELECT `posts`.* FROM `posts`[0m
  Rendered posts/index.html.erb within layouts/application (103.6ms)
Completed 500 Internal Server Error in 110ms (ActiveRecord: 1.3ms)


  
ActionView::Template::Error (undefined method `welcome' for #<#<Class:0x00007f9043cb81f0>:0x00007f9043c9bdc0>):
    18:         <td><%= link_to 'Show', post %></td>
    19:         <td><%= link_to 'Edit', edit_post_path(post) %></td>
    20:         <td><%= link_to 'Destroy', post, method: :delete, data: { confirm: 'Are you sure?' } %></td>
    21:         <td><%= welcome() %></td>
    22:       </tr>
    23:     <% end %>
    24:   </tbody>
  
app/views/posts/index.html.erb:21:in `block in _app_views_posts_index_html_erb___2356371436586325082_70128794716860'
app/views/posts/index.html.erb:15:in `_app_views_posts_index_html_erb___2356371436586325082_70128794716860'
Started GET "/posts" for 127.0.0.1 at 2018-02-26 19:16:12 -0800
Processing by PostsController#index as HTML
  Rendering posts/index.html.erb within layouts/application
  [1m[36mPost Load (0.2ms)[0m  [1m[34mSELECT `posts`.* FROM `posts`[0m
  Rendered posts/index.html.erb within layouts/application (6.0ms)
Completed 200 OK in 22ms (Views: 18.2ms | ActiveRecord: 1.0ms)


Started GET "/posts" for 127.0.0.1 at 2018-02-26 19:16:32 -0800
Processing by PostsController#index as HTML
  Rendering posts/index.html.erb within layouts/application
  [1m[36mPost Load (0.2ms)[0m  [1m[34mSELECT `posts`.* FROM `posts`[0m
  Rendered posts/index.html.erb within layouts/application (5.5ms)
Completed 200 OK in 20ms (Views: 16.3ms | ActiveRecord: 0.9ms)


Started GET "/posts" for 127.0.0.1 at 2018-02-26 19:19:22 -0800
  
SyntaxError (/Users/bingyanren/Sites/Coconut-Interpreter/app/helpers/posts_helper.rb:3: syntax error, unexpected $undefined, expecting ')'
		return text.split(\n)
		                  ^):
  
app/helpers/posts_helper.rb:3: syntax error, unexpected $undefined, expecting ')'
app/controllers/application_controller.rb:1:in `<top (required)>'
app/controllers/posts_controller.rb:1:in `<top (required)>'
Started GET "/posts" for 127.0.0.1 at 2018-02-26 19:19:58 -0800
Processing by PostsController#index as HTML
  Rendering posts/index.html.erb within layouts/application
  [1m[36mPost Load (0.2ms)[0m  [1m[34mSELECT `posts`.* FROM `posts`[0m
  Rendered posts/index.html.erb within layouts/application (5.8ms)
Completed 200 OK in 21ms (Views: 16.9ms | ActiveRecord: 0.9ms)


Started GET "/posts/new" for 127.0.0.1 at 2018-02-26 19:20:35 -0800
Processing by PostsController#new as HTML
  Rendering posts/new.html.erb within layouts/application
  Rendered posts/_form.html.erb (16.6ms)
  Rendered posts/new.html.erb within layouts/application (19.5ms)
Completed 200 OK in 43ms (Views: 34.5ms | ActiveRecord: 0.0ms)


Started POST "/posts" for 127.0.0.1 at 2018-02-26 19:21:02 -0800
Processing by PostsController#create as HTML
  Parameters: {"utf8"=>"✓", "authenticity_token"=>"8ArR/JB5LLkdvo1fJuSeXRKdRCVU/p2Ab7m0BkrixTgwD3QX3ASy8820nQ6+Sn8TRXLigme1QOr2pmFyPHL7MA==", "post"=>{"code"=>"def try()\r\n          10 blank spaces\r\n                    20 blank spaces", "output"=>""}, "commit"=>"Create Post"}
Unpermitted parameter: :output
  [1m[35m (0.1ms)[0m  [1m[35mBEGIN[0m
  [1m[35mSQL (5.6ms)[0m  [1m[32mINSERT INTO `posts` (`code`, `created_at`, `updated_at`) VALUES ('def try()\r\n          10 blank spaces\r\n                    20 blank spaces', '2018-02-27 03:21:02', '2018-02-27 03:21:02')[0m
  [1m[35m (12.8ms)[0m  [1m[35mCOMMIT[0m
Redirected to http://localhost:3000/posts/8
Completed 302 Found in 23ms (ActiveRecord: 18.5ms)


Started GET "/posts/8" for 127.0.0.1 at 2018-02-26 19:21:02 -0800
Processing by PostsController#show as HTML
  Parameters: {"id"=>"8"}
  [1m[36mPost Load (0.4ms)[0m  [1m[34mSELECT  `posts`.* FROM `posts` WHERE `posts`.`id` = 8 LIMIT 1[0m
  Rendering posts/show.html.erb within layouts/application
  Rendered posts/show.html.erb within layouts/application (0.6ms)
Completed 200 OK in 24ms (Views: 16.7ms | ActiveRecord: 0.4ms)


Started GET "/posts" for 127.0.0.1 at 2018-02-26 19:21:06 -0800
Processing by PostsController#index as HTML
  Rendering posts/index.html.erb within layouts/application
  [1m[36mPost Load (0.5ms)[0m  [1m[34mSELECT `posts`.* FROM `posts`[0m
  Rendered posts/index.html.erb within layouts/application (3.7ms)
Completed 200 OK in 25ms (Views: 21.9ms | ActiveRecord: 0.5ms)


